{"/Users/ukasyahrz/Projects/meo-canvas/src/canvas/background.canvas.ts": {"path":"/Users/ukasyahrz/Projects/meo-canvas/src/canvas/background.canvas.ts","statementMap":{"0":{"start":{"line":29,"column":18},"end":{"line":29,"column":null}},"1":{"start":{"line":30,"column":2},"end":{"line":30,"column":null}},"2":{"start":{"line":30,"column":49},"end":{"line":30,"column":null}},"3":{"start":{"line":32,"column":16},"end":{"line":32,"column":null}},"4":{"start":{"line":34,"column":2},"end":{"line":34,"column":null}},"5":{"start":{"line":34,"column":26},"end":{"line":34,"column":null}},"6":{"start":{"line":35,"column":2},"end":{"line":35,"column":null}},"7":{"start":{"line":35,"column":32},"end":{"line":35,"column":null}},"8":{"start":{"line":37,"column":2},"end":{"line":41,"column":null}},"9":{"start":{"line":38,"column":21},"end":{"line":38,"column":null}},"10":{"start":{"line":39,"column":23},"end":{"line":39,"column":null}},"11":{"start":{"line":40,"column":4},"end":{"line":40,"column":null}},"12":{"start":{"line":43,"column":16},"end":{"line":43,"column":null}},"13":{"start":{"line":44,"column":17},"end":{"line":44,"column":null}},"14":{"start":{"line":47,"column":2},"end":{"line":47,"column":null}},"15":{"start":{"line":47,"column":51},"end":{"line":47,"column":null}},"16":{"start":{"line":48,"column":2},"end":{"line":48,"column":null}},"17":{"start":{"line":48,"column":51},"end":{"line":48,"column":null}},"18":{"start":{"line":49,"column":2},"end":{"line":49,"column":null}},"19":{"start":{"line":54,"column":2},"end":{"line":54,"column":null}},"20":{"start":{"line":54,"column":27},"end":{"line":54,"column":null}},"21":{"start":{"line":55,"column":2},"end":{"line":55,"column":null}},"22":{"start":{"line":66,"column":2},"end":{"line":66,"column":null}},"23":{"start":{"line":66,"column":27},"end":{"line":66,"column":null}},"24":{"start":{"line":67,"column":2},"end":{"line":67,"column":null}},"25":{"start":{"line":67,"column":33},"end":{"line":67,"column":null}},"26":{"start":{"line":68,"column":2},"end":{"line":68,"column":null}},"27":{"start":{"line":86,"column":15},"end":{"line":86,"column":null}},"28":{"start":{"line":87,"column":2},"end":{"line":87,"column":null}},"29":{"start":{"line":87,"column":80},"end":{"line":87,"column":null}},"30":{"start":{"line":89,"column":17},"end":{"line":89,"column":null}},"31":{"start":{"line":90,"column":24},"end":{"line":90,"column":null}},"32":{"start":{"line":91,"column":22},"end":{"line":91,"column":null}},"33":{"start":{"line":93,"column":17},"end":{"line":93,"column":null}},"34":{"start":{"line":94,"column":15},"end":{"line":94,"column":null}},"35":{"start":{"line":96,"column":2},"end":{"line":96,"column":null}},"36":{"start":{"line":97,"column":2},"end":{"line":109,"column":null}},"37":{"start":{"line":99,"column":4},"end":{"line":99,"column":null}},"38":{"start":{"line":100,"column":4},"end":{"line":100,"column":null}},"39":{"start":{"line":102,"column":4},"end":{"line":106,"column":null}},"40":{"start":{"line":103,"column":6},"end":{"line":105,"column":null}},"41":{"start":{"line":104,"column":8},"end":{"line":104,"column":null}},"42":{"start":{"line":108,"column":4},"end":{"line":108,"column":null}},"43":{"start":{"line":121,"column":2},"end":{"line":121,"column":null}},"44":{"start":{"line":121,"column":16},"end":{"line":121,"column":null}},"45":{"start":{"line":123,"column":2},"end":{"line":127,"column":null}},"46":{"start":{"line":124,"column":18},"end":{"line":124,"column":null}},"47":{"start":{"line":125,"column":20},"end":{"line":125,"column":null}},"48":{"start":{"line":126,"column":4},"end":{"line":126,"column":null}},"49":{"start":{"line":126,"column":66},"end":{"line":126,"column":81}},"50":{"start":{"line":129,"column":2},"end":{"line":134,"column":null}},"51":{"start":{"line":130,"column":18},"end":{"line":130,"column":null}},"52":{"start":{"line":131,"column":4},"end":{"line":131,"column":null}},"53":{"start":{"line":131,"column":20},"end":{"line":131,"column":null}},"54":{"start":{"line":132,"column":10},"end":{"line":132,"column":null}},"55":{"start":{"line":133,"column":4},"end":{"line":133,"column":null}},"56":{"start":{"line":133,"column":66},"end":{"line":133,"column":86}},"57":{"start":{"line":137,"column":28},"end":{"line":137,"column":null}},"58":{"start":{"line":138,"column":2},"end":{"line":141,"column":null}},"59":{"start":{"line":138,"column":19},"end":{"line":138,"column":34}},"60":{"start":{"line":139,"column":4},"end":{"line":139,"column":null}},"61":{"start":{"line":139,"column":24},"end":{"line":139,"column":31}},"62":{"start":{"line":139,"column":68},"end":{"line":139,"column":null}},"63":{"start":{"line":140,"column":4},"end":{"line":140,"column":null}},"64":{"start":{"line":142,"column":16},"end":{"line":142,"column":null}},"65":{"start":{"line":143,"column":2},"end":{"line":143,"column":null}},"66":{"start":{"line":143,"column":17},"end":{"line":143,"column":null}},"67":{"start":{"line":144,"column":2},"end":{"line":144,"column":null}}},"fnMap":{"0":{"name":"tileSize","decl":{"start":{"line":28,"column":9},"end":{"line":28,"column":18}},"loc":{"start":{"line":28,"column":99},"end":{"line":50,"column":null}},"line":28},"1":{"name":"resolveLength","decl":{"start":{"line":53,"column":9},"end":{"line":53,"column":23}},"loc":{"start":{"line":53,"column":101},"end":{"line":56,"column":null}},"line":53},"2":{"name":"tileOrigin","decl":{"start":{"line":65,"column":9},"end":{"line":65,"column":20}},"loc":{"start":{"line":65,"column":100},"end":{"line":69,"column":null}},"line":65},"3":{"name":"paintBackgroundImage","decl":{"start":{"line":79,"column":16},"end":{"line":79,"column":null}},"loc":{"start":{"line":85,"column":8},"end":{"line":110,"column":null}},"line":85},"4":{"name":"layTilesOut","decl":{"start":{"line":120,"column":9},"end":{"line":120,"column":21}},"loc":{"start":{"line":120,"column":159},"end":{"line":145,"column":null}},"line":120},"5":{"name":"(anonymous_5)","decl":{"start":{"line":126,"column":52},"end":{"line":126,"column":53}},"loc":{"start":{"line":126,"column":66},"end":{"line":126,"column":81}},"line":126},"6":{"name":"(anonymous_6)","decl":{"start":{"line":133,"column":52},"end":{"line":133,"column":53}},"loc":{"start":{"line":133,"column":66},"end":{"line":133,"column":86}},"line":133}},"branchMap":{"0":{"loc":{"start":{"line":30,"column":2},"end":{"line":30,"column":null}},"type":"if","locations":[{"start":{"line":30,"column":2},"end":{"line":30,"column":null}},{"start":{},"end":{}}],"line":30},"1":{"loc":{"start":{"line":30,"column":6},"end":{"line":30,"column":49}},"type":"binary-expr","locations":[{"start":{"line":30,"column":6},"end":{"line":30,"column":28}},{"start":{"line":30,"column":28},"end":{"line":30,"column":49}}],"line":30},"2":{"loc":{"start":{"line":34,"column":2},"end":{"line":34,"column":null}},"type":"if","locations":[{"start":{"line":34,"column":2},"end":{"line":34,"column":null}},{"start":{},"end":{}}],"line":34},"3":{"loc":{"start":{"line":35,"column":2},"end":{"line":35,"column":null}},"type":"if","locations":[{"start":{"line":35,"column":2},"end":{"line":35,"column":null}},{"start":{},"end":{}}],"line":35},"4":{"loc":{"start":{"line":37,"column":2},"end":{"line":41,"column":null}},"type":"if","locations":[{"start":{"line":37,"column":2},"end":{"line":41,"column":null}},{"start":{},"end":{}}],"line":37},"5":{"loc":{"start":{"line":37,"column":6},"end":{"line":37,"column":46}},"type":"binary-expr","locations":[{"start":{"line":37,"column":6},"end":{"line":37,"column":26}},{"start":{"line":37,"column":26},"end":{"line":37,"column":46}}],"line":37},"6":{"loc":{"start":{"line":39,"column":23},"end":{"line":39,"column":null}},"type":"cond-expr","locations":[{"start":{"line":39,"column":42},"end":{"line":39,"column":61}},{"start":{"line":39,"column":61},"end":{"line":39,"column":null}}],"line":39},"7":{"loc":{"start":{"line":40,"column":11},"end":{"line":40,"column":null}},"type":"cond-expr","locations":[{"start":{"line":40,"column":24},"end":{"line":40,"column":74}},{"start":{"line":40,"column":74},"end":{"line":40,"column":null}}],"line":40},"8":{"loc":{"start":{"line":47,"column":2},"end":{"line":47,"column":null}},"type":"if","locations":[{"start":{"line":47,"column":2},"end":{"line":47,"column":null}},{"start":{},"end":{}}],"line":47},"9":{"loc":{"start":{"line":47,"column":6},"end":{"line":47,"column":51}},"type":"binary-expr","locations":[{"start":{"line":47,"column":6},"end":{"line":47,"column":29}},{"start":{"line":47,"column":29},"end":{"line":47,"column":51}}],"line":47},"10":{"loc":{"start":{"line":48,"column":2},"end":{"line":48,"column":null}},"type":"if","locations":[{"start":{"line":48,"column":2},"end":{"line":48,"column":null}},{"start":{},"end":{}}],"line":48},"11":{"loc":{"start":{"line":48,"column":6},"end":{"line":48,"column":51}},"type":"binary-expr","locations":[{"start":{"line":48,"column":6},"end":{"line":48,"column":30}},{"start":{"line":48,"column":30},"end":{"line":48,"column":51}}],"line":48},"12":{"loc":{"start":{"line":49,"column":18},"end":{"line":49,"column":42}},"type":"binary-expr","locations":[{"start":{"line":49,"column":18},"end":{"line":49,"column":27}},{"start":{"line":49,"column":27},"end":{"line":49,"column":42}}],"line":49},"13":{"loc":{"start":{"line":49,"column":50},"end":{"line":49,"column":75}},"type":"binary-expr","locations":[{"start":{"line":49,"column":50},"end":{"line":49,"column":60}},{"start":{"line":49,"column":60},"end":{"line":49,"column":75}}],"line":49},"14":{"loc":{"start":{"line":54,"column":2},"end":{"line":54,"column":null}},"type":"if","locations":[{"start":{"line":54,"column":2},"end":{"line":54,"column":null}},{"start":{},"end":{}}],"line":54},"15":{"loc":{"start":{"line":55,"column":9},"end":{"line":55,"column":null}},"type":"cond-expr","locations":[{"start":{"line":55,"column":38},"end":{"line":55,"column":74}},{"start":{"line":55,"column":74},"end":{"line":55,"column":null}}],"line":55},"16":{"loc":{"start":{"line":66,"column":2},"end":{"line":66,"column":null}},"type":"if","locations":[{"start":{"line":66,"column":2},"end":{"line":66,"column":null}},{"start":{},"end":{}}],"line":66},"17":{"loc":{"start":{"line":67,"column":2},"end":{"line":67,"column":null}},"type":"if","locations":[{"start":{"line":67,"column":2},"end":{"line":67,"column":null}},{"start":{},"end":{}}],"line":67},"18":{"loc":{"start":{"line":87,"column":2},"end":{"line":87,"column":null}},"type":"if","locations":[{"start":{"line":87,"column":2},"end":{"line":87,"column":null}},{"start":{},"end":{}}],"line":87},"19":{"loc":{"start":{"line":87,"column":6},"end":{"line":87,"column":80}},"type":"binary-expr","locations":[{"start":{"line":87,"column":6},"end":{"line":87,"column":25}},{"start":{"line":87,"column":25},"end":{"line":87,"column":45}},{"start":{"line":87,"column":45},"end":{"line":87,"column":63}},{"start":{"line":87,"column":63},"end":{"line":87,"column":80}}],"line":87},"20":{"loc":{"start":{"line":89,"column":17},"end":{"line":89,"column":null}},"type":"binary-expr","locations":[{"start":{"line":89,"column":17},"end":{"line":89,"column":38}},{"start":{"line":89,"column":38},"end":{"line":89,"column":null}}],"line":89},"21":{"loc":{"start":{"line":90,"column":24},"end":{"line":90,"column":null}},"type":"binary-expr","locations":[{"start":{"line":90,"column":24},"end":{"line":90,"column":47}},{"start":{"line":90,"column":47},"end":{"line":90,"column":72}},{"start":{"line":90,"column":72},"end":{"line":90,"column":94}},{"start":{"line":90,"column":94},"end":{"line":90,"column":null}}],"line":90},"22":{"loc":{"start":{"line":91,"column":22},"end":{"line":91,"column":null}},"type":"binary-expr","locations":[{"start":{"line":91,"column":22},"end":{"line":91,"column":45}},{"start":{"line":91,"column":45},"end":{"line":91,"column":70}},{"start":{"line":91,"column":70},"end":{"line":91,"column":92}},{"start":{"line":91,"column":92},"end":{"line":91,"column":null}}],"line":91},"23":{"loc":{"start":{"line":121,"column":2},"end":{"line":121,"column":null}},"type":"if","locations":[{"start":{"line":121,"column":2},"end":{"line":121,"column":null}},{"start":{},"end":{}}],"line":121},"24":{"loc":{"start":{"line":123,"column":2},"end":{"line":127,"column":null}},"type":"if","locations":[{"start":{"line":123,"column":2},"end":{"line":127,"column":null}},{"start":{},"end":{}}],"line":123},"25":{"loc":{"start":{"line":129,"column":2},"end":{"line":134,"column":null}},"type":"if","locations":[{"start":{"line":129,"column":2},"end":{"line":134,"column":null}},{"start":{},"end":{}}],"line":129},"26":{"loc":{"start":{"line":131,"column":4},"end":{"line":131,"column":null}},"type":"if","locations":[{"start":{"line":131,"column":4},"end":{"line":131,"column":null}},{"start":{},"end":{}}],"line":131},"27":{"loc":{"start":{"line":142,"column":16},"end":{"line":142,"column":null}},"type":"binary-expr","locations":[{"start":{"line":142,"column":16},"end":{"line":142,"column":30}},{"start":{"line":142,"column":30},"end":{"line":142,"column":null}}],"line":142},"28":{"loc":{"start":{"line":143,"column":2},"end":{"line":143,"column":null}},"type":"if","locations":[{"start":{"line":143,"column":2},"end":{"line":143,"column":null}},{"start":{},"end":{}}],"line":143}},"s":{"0":11,"1":11,"2":0,"3":11,"4":11,"5":0,"6":11,"7":9,"8":2,"9":2,"10":2,"11":2,"12":0,"13":0,"14":0,"15":0,"16":0,"17":0,"18":0,"19":0,"20":0,"21":0,"22":22,"23":18,"24":4,"25":4,"26":3,"27":11,"28":11,"29":0,"30":11,"31":11,"32":11,"33":11,"34":11,"35":11,"36":11,"37":11,"38":11,"39":11,"40":21,"41":29,"42":11,"43":22,"44":14,"45":8,"46":2,"47":2,"48":2,"49":5,"50":6,"51":2,"52":2,"53":1,"54":1,"55":1,"56":3,"57":4,"58":4,"59":4,"60":4,"61":4,"62":12,"63":4,"64":4,"65":22,"66":0,"67":4},"f":{"0":11,"1":0,"2":22,"3":11,"4":22,"5":5,"6":3},"b":{"0":[0,11],"1":[11,11],"2":[0,11],"3":[9,2],"4":[2,0],"5":[2,1],"6":[1,1],"7":[1,1],"8":[0,0],"9":[0,0],"10":[0,0],"11":[0,0],"12":[0,0],"13":[11,0],"14":[0,0],"15":[0,0],"16":[18,4],"17":[1,3],"18":[0,11],"19":[11,11,11,11],"20":[11,1],"21":[11,10,9,8],"22":[11,10,9,8],"23":[14,8],"24":[2,6],"25":[2,4],"26":[1,1],"27":[4,0],"28":[0,22]},"meta":{"lastBranch":29,"lastFunction":7,"lastStatement":68,"seen":{"f:28:9:28:18":0,"s:29:18:29:Infinity":0,"b:30:2:30:Infinity:undefined:undefined:undefined:undefined":0,"s:30:2:30:Infinity":1,"b:30:6:30:28:30:28:30:49":1,"s:30:49:30:Infinity":2,"s:32:16:32:Infinity":3,"b:34:2:34:Infinity:undefined:undefined:undefined:undefined":2,"s:34:2:34:Infinity":4,"s:34:26:34:Infinity":5,"b:35:2:35:Infinity:undefined:undefined:undefined:undefined":3,"s:35:2:35:Infinity":6,"s:35:32:35:Infinity":7,"b:37:2:41:Infinity:undefined:undefined:undefined:undefined":4,"s:37:2:41:Infinity":8,"b:37:6:37:26:37:26:37:46":5,"s:38:21:38:Infinity":9,"s:39:23:39:Infinity":10,"b:39:42:39:61:39:61:39:Infinity":6,"s:40:4:40:Infinity":11,"b:40:24:40:74:40:74:40:Infinity":7,"s:43:16:43:Infinity":12,"s:44:17:44:Infinity":13,"b:47:2:47:Infinity:undefined:undefined:undefined:undefined":8,"s:47:2:47:Infinity":14,"b:47:6:47:29:47:29:47:51":9,"s:47:51:47:Infinity":15,"b:48:2:48:Infinity:undefined:undefined:undefined:undefined":10,"s:48:2:48:Infinity":16,"b:48:6:48:30:48:30:48:51":11,"s:48:51:48:Infinity":17,"s:49:2:49:Infinity":18,"b:49:18:49:27:49:27:49:42":12,"b:49:50:49:60:49:60:49:75":13,"f:53:9:53:23":1,"b:54:2:54:Infinity:undefined:undefined:undefined:undefined":14,"s:54:2:54:Infinity":19,"s:54:27:54:Infinity":20,"s:55:2:55:Infinity":21,"b:55:38:55:74:55:74:55:Infinity":15,"f:65:9:65:20":2,"b:66:2:66:Infinity:undefined:undefined:undefined:undefined":16,"s:66:2:66:Infinity":22,"s:66:27:66:Infinity":23,"b:67:2:67:Infinity:undefined:undefined:undefined:undefined":17,"s:67:2:67:Infinity":24,"s:67:33:67:Infinity":25,"s:68:2:68:Infinity":26,"f:79:16:79:Infinity":3,"s:86:15:86:Infinity":27,"b:87:2:87:Infinity:undefined:undefined:undefined:undefined":18,"s:87:2:87:Infinity":28,"b:87:6:87:25:87:25:87:45:87:45:87:63:87:63:87:80":19,"s:87:80:87:Infinity":29,"s:89:17:89:Infinity":30,"b:89:17:89:38:89:38:89:Infinity":20,"s:90:24:90:Infinity":31,"b:90:24:90:47:90:47:90:72:90:72:90:94:90:94:90:Infinity":21,"s:91:22:91:Infinity":32,"b:91:22:91:45:91:45:91:70:91:70:91:92:91:92:91:Infinity":22,"s:93:17:93:Infinity":33,"s:94:15:94:Infinity":34,"s:96:2:96:Infinity":35,"s:97:2:109:Infinity":36,"s:99:4:99:Infinity":37,"s:100:4:100:Infinity":38,"s:102:4:106:Infinity":39,"s:103:6:105:Infinity":40,"s:104:8:104:Infinity":41,"s:108:4:108:Infinity":42,"f:120:9:120:21":4,"b:121:2:121:Infinity:undefined:undefined:undefined:undefined":23,"s:121:2:121:Infinity":43,"s:121:16:121:Infinity":44,"b:123:2:127:Infinity:undefined:undefined:undefined:undefined":24,"s:123:2:127:Infinity":45,"s:124:18:124:Infinity":46,"s:125:20:125:Infinity":47,"s:126:4:126:Infinity":48,"f:126:52:126:53":5,"s:126:66:126:81":49,"b:129:2:134:Infinity:undefined:undefined:undefined:undefined":25,"s:129:2:134:Infinity":50,"s:130:18:130:Infinity":51,"b:131:4:131:Infinity:undefined:undefined:undefined:undefined":26,"s:131:4:131:Infinity":52,"s:131:20:131:Infinity":53,"s:132:10:132:Infinity":54,"s:133:4:133:Infinity":55,"f:133:52:133:53":6,"s:133:66:133:86":56,"s:137:28:137:Infinity":57,"s:138:2:141:Infinity":58,"s:138:19:138:34":59,"s:139:4:139:Infinity":60,"s:139:24:139:31":61,"s:139:68:139:Infinity":62,"s:140:4:140:Infinity":63,"s:142:16:142:Infinity":64,"b:142:16:142:30:142:30:142:Infinity":27,"b:143:2:143:Infinity:undefined:undefined:undefined:undefined":28,"s:143:2:143:Infinity":65,"s:143:17:143:Infinity":66,"s:144:2:144:Infinity":67}}}
,"/Users/ukasyahrz/Projects/meo-canvas/src/canvas/canvas.engine.ts": {"path":"/Users/ukasyahrz/Projects/meo-canvas/src/canvas/canvas.engine.ts","statementMap":{"0":{"start":{"line":13,"column":2},"end":{"line":13,"column":null}},"1":{"start":{"line":24,"column":17},"end":{"line":24,"column":null}},"2":{"start":{"line":25,"column":2},"end":{"line":25,"column":null}},"3":{"start":{"line":25,"column":15},"end":{"line":25,"column":null}},"4":{"start":{"line":27,"column":41},"end":{"line":27,"column":null}},"5":{"start":{"line":28,"column":2},"end":{"line":28,"column":null}}},"fnMap":{"0":{"name":"createCanvas","decl":{"start":{"line":12,"column":16},"end":{"line":12,"column":29}},"loc":{"start":{"line":12,"column":99},"end":{"line":14,"column":null}},"line":12},"1":{"name":"mirrorEngine","decl":{"start":{"line":23,"column":16},"end":{"line":23,"column":29}},"loc":{"start":{"line":23,"column":93},"end":{"line":29,"column":null}},"line":23}},"branchMap":{"0":{"loc":{"start":{"line":13,"column":9},"end":{"line":13,"column":null}},"type":"cond-expr","locations":[{"start":{"line":13,"column":19},"end":{"line":13,"column":56}},{"start":{"line":13,"column":56},"end":{"line":13,"column":null}}],"line":13},"1":{"loc":{"start":{"line":25,"column":2},"end":{"line":25,"column":null}},"type":"if","locations":[{"start":{"line":25,"column":2},"end":{"line":25,"column":null}},{"start":{},"end":{}}],"line":25}},"s":{"0":415,"1":142,"2":142,"3":0,"4":142,"5":142},"f":{"0":415,"1":142},"b":{"0":[364,51],"1":[0,142]},"meta":{"lastBranch":2,"lastFunction":2,"lastStatement":6,"seen":{"f:12:16:12:29":0,"s:13:2:13:Infinity":0,"b:13:19:13:56:13:56:13:Infinity":0,"f:23:16:23:29":1,"s:24:17:24:Infinity":1,"b:25:2:25:Infinity:undefined:undefined:undefined:undefined":1,"s:25:2:25:Infinity":2,"s:25:15:25:Infinity":3,"s:27:41:27:Infinity":4,"s:28:2:28:Infinity":5}}}
,"/Users/ukasyahrz/Projects/meo-canvas/src/canvas/canvas.helper.ts": {"path":"/Users/ukasyahrz/Projects/meo-canvas/src/canvas/canvas.helper.ts","statementMap":{"0":{"start":{"line":6,"column":27},"end":{"line":205,"column":null}},"1":{"start":{"line":32,"column":20},"end":{"line":32,"column":null}},"2":{"start":{"line":33,"column":20},"end":{"line":33,"column":null}},"3":{"start":{"line":34,"column":22},"end":{"line":34,"column":null}},"4":{"start":{"line":35,"column":23},"end":{"line":35,"column":null}},"5":{"start":{"line":36,"column":21},"end":{"line":36,"column":null}},"6":{"start":{"line":38,"column":20},"end":{"line":38,"column":null}},"7":{"start":{"line":39,"column":20},"end":{"line":39,"column":null}},"8":{"start":{"line":41,"column":2},"end":{"line":204,"column":null}},"9":{"start":{"line":45,"column":6},"end":{"line":52,"column":null}},"10":{"start":{"line":54,"column":4},"end":{"line":54,"column":null}},"11":{"start":{"line":55,"column":4},"end":{"line":55,"column":null}},"12":{"start":{"line":57,"column":20},"end":{"line":71,"column":null}},"13":{"start":{"line":58,"column":6},"end":{"line":70,"column":null}},"14":{"start":{"line":60,"column":8},"end":{"line":60,"column":null}},"15":{"start":{"line":61,"column":8},"end":{"line":61,"column":null}},"16":{"start":{"line":62,"column":6},"end":{"line":70,"column":null}},"17":{"start":{"line":63,"column":8},"end":{"line":63,"column":null}},"18":{"start":{"line":64,"column":27},"end":{"line":64,"column":null}},"19":{"start":{"line":65,"column":26},"end":{"line":65,"column":null}},"20":{"start":{"line":66,"column":8},"end":{"line":66,"column":null}},"21":{"start":{"line":68,"column":8},"end":{"line":68,"column":null}},"22":{"start":{"line":69,"column":8},"end":{"line":69,"column":null}},"23":{"start":{"line":83,"column":26},"end":{"line":135,"column":null}},"24":{"start":{"line":94,"column":6},"end":{"line":94,"column":null}},"25":{"start":{"line":94,"column":23},"end":{"line":94,"column":null}},"26":{"start":{"line":98,"column":6},"end":{"line":103,"column":null}},"27":{"start":{"line":99,"column":14},"end":{"line":99,"column":null}},"28":{"start":{"line":100,"column":8},"end":{"line":100,"column":null}},"29":{"start":{"line":101,"column":8},"end":{"line":101,"column":null}},"30":{"start":{"line":102,"column":8},"end":{"line":102,"column":null}},"31":{"start":{"line":104,"column":6},"end":{"line":104,"column":null}},"32":{"start":{"line":106,"column":26},"end":{"line":106,"column":null}},"33":{"start":{"line":107,"column":6},"end":{"line":107,"column":null}},"34":{"start":{"line":107,"column":28},"end":{"line":107,"column":null}},"35":{"start":{"line":111,"column":6},"end":{"line":128,"column":null}},"36":{"start":{"line":113,"column":8},"end":{"line":113,"column":null}},"37":{"start":{"line":117,"column":8},"end":{"line":117,"column":null}},"38":{"start":{"line":119,"column":8},"end":{"line":127,"column":null}},"39":{"start":{"line":121,"column":10},"end":{"line":121,"column":null}},"40":{"start":{"line":122,"column":10},"end":{"line":122,"column":null}},"41":{"start":{"line":124,"column":10},"end":{"line":124,"column":null}},"42":{"start":{"line":125,"column":10},"end":{"line":125,"column":null}},"43":{"start":{"line":126,"column":10},"end":{"line":126,"column":null}},"44":{"start":{"line":130,"column":6},"end":{"line":130,"column":null}},"45":{"start":{"line":131,"column":6},"end":{"line":131,"column":null}},"46":{"start":{"line":132,"column":6},"end":{"line":132,"column":null}},"47":{"start":{"line":133,"column":6},"end":{"line":133,"column":null}},"48":{"start":{"line":134,"column":6},"end":{"line":134,"column":null}},"49":{"start":{"line":145,"column":21},"end":{"line":154,"column":null}},"50":{"start":{"line":146,"column":6},"end":{"line":146,"column":null}},"51":{"start":{"line":146,"column":28},"end":{"line":146,"column":null}},"52":{"start":{"line":147,"column":6},"end":{"line":147,"column":null}},"53":{"start":{"line":148,"column":6},"end":{"line":148,"column":null}},"54":{"start":{"line":149,"column":6},"end":{"line":149,"column":null}},"55":{"start":{"line":150,"column":6},"end":{"line":150,"column":null}},"56":{"start":{"line":151,"column":6},"end":{"line":151,"column":null}},"57":{"start":{"line":152,"column":6},"end":{"line":152,"column":null}},"58":{"start":{"line":153,"column":6},"end":{"line":153,"column":null}},"59":{"start":{"line":157,"column":19},"end":{"line":157,"column":null}},"60":{"start":{"line":158,"column":19},"end":{"line":158,"column":null}},"61":{"start":{"line":159,"column":19},"end":{"line":159,"column":null}},"62":{"start":{"line":160,"column":19},"end":{"line":160,"column":null}},"63":{"start":{"line":163,"column":23},"end":{"line":163,"column":null}},"64":{"start":{"line":164,"column":23},"end":{"line":164,"column":null}},"65":{"start":{"line":165,"column":16},"end":{"line":165,"column":null}},"66":{"start":{"line":166,"column":16},"end":{"line":166,"column":null}},"67":{"start":{"line":167,"column":16},"end":{"line":167,"column":null}},"68":{"start":{"line":168,"column":16},"end":{"line":168,"column":null}},"69":{"start":{"line":172,"column":4},"end":{"line":203,"column":null}},"70":{"start":{"line":174,"column":6},"end":{"line":174,"column":null}},"71":{"start":{"line":176,"column":6},"end":{"line":176,"column":null}},"72":{"start":{"line":178,"column":6},"end":{"line":178,"column":null}},"73":{"start":{"line":180,"column":6},"end":{"line":180,"column":null}},"74":{"start":{"line":182,"column":6},"end":{"line":182,"column":null}},"75":{"start":{"line":183,"column":6},"end":{"line":183,"column":null}},"76":{"start":{"line":184,"column":6},"end":{"line":184,"column":null}},"77":{"start":{"line":185,"column":6},"end":{"line":185,"column":null}},"78":{"start":{"line":189,"column":6},"end":{"line":189,"column":null}},"79":{"start":{"line":191,"column":6},"end":{"line":191,"column":null}},"80":{"start":{"line":193,"column":6},"end":{"line":193,"column":null}},"81":{"start":{"line":195,"column":6},"end":{"line":195,"column":null}},"82":{"start":{"line":199,"column":6},"end":{"line":199,"column":null}},"83":{"start":{"line":200,"column":6},"end":{"line":200,"column":null}},"84":{"start":{"line":201,"column":6},"end":{"line":201,"column":null}},"85":{"start":{"line":202,"column":6},"end":{"line":202,"column":null}},"86":{"start":{"line":218,"column":35},"end":{"line":260,"column":null}},"87":{"start":{"line":226,"column":2},"end":{"line":230,"column":null}},"88":{"start":{"line":227,"column":4},"end":{"line":227,"column":null}},"89":{"start":{"line":228,"column":4},"end":{"line":228,"column":null}},"90":{"start":{"line":229,"column":4},"end":{"line":229,"column":null}},"91":{"start":{"line":232,"column":2},"end":{"line":232,"column":null}},"92":{"start":{"line":235,"column":20},"end":{"line":235,"column":null}},"93":{"start":{"line":236,"column":20},"end":{"line":236,"column":null}},"94":{"start":{"line":237,"column":20},"end":{"line":237,"column":null}},"95":{"start":{"line":238,"column":20},"end":{"line":238,"column":null}},"96":{"start":{"line":239,"column":20},"end":{"line":239,"column":null}},"97":{"start":{"line":241,"column":2},"end":{"line":241,"column":null}},"98":{"start":{"line":244,"column":2},"end":{"line":244,"column":null}},"99":{"start":{"line":245,"column":2},"end":{"line":245,"column":null}},"100":{"start":{"line":248,"column":2},"end":{"line":248,"column":null}},"101":{"start":{"line":249,"column":2},"end":{"line":249,"column":null}},"102":{"start":{"line":252,"column":2},"end":{"line":252,"column":null}},"103":{"start":{"line":253,"column":2},"end":{"line":253,"column":null}},"104":{"start":{"line":256,"column":2},"end":{"line":256,"column":null}},"105":{"start":{"line":257,"column":2},"end":{"line":257,"column":null}},"106":{"start":{"line":259,"column":2},"end":{"line":259,"column":null}},"107":{"start":{"line":267,"column":33},"end":{"line":285,"column":null}},"108":{"start":{"line":275,"column":16},"end":{"line":275,"column":null}},"109":{"start":{"line":276,"column":2},"end":{"line":283,"column":null}},"110":{"start":{"line":277,"column":4},"end":{"line":277,"column":null}},"111":{"start":{"line":278,"column":2},"end":{"line":283,"column":null}},"112":{"start":{"line":279,"column":4},"end":{"line":279,"column":null}},"113":{"start":{"line":280,"column":4},"end":{"line":280,"column":null}},"114":{"start":{"line":281,"column":4},"end":{"line":281,"column":null}},"115":{"start":{"line":282,"column":4},"end":{"line":282,"column":null}},"116":{"start":{"line":284,"column":2},"end":{"line":284,"column":null}},"117":{"start":{"line":294,"column":2},"end":{"line":296,"column":null}},"118":{"start":{"line":295,"column":4},"end":{"line":295,"column":null}},"119":{"start":{"line":297,"column":2},"end":{"line":299,"column":null}},"120":{"start":{"line":298,"column":4},"end":{"line":298,"column":null}},"121":{"start":{"line":300,"column":2},"end":{"line":300,"column":null}},"122":{"start":{"line":304,"column":22},"end":{"line":304,"column":null}},"123":{"start":{"line":305,"column":22},"end":{"line":305,"column":null}},"124":{"start":{"line":306,"column":29},"end":{"line":306,"column":null}},"125":{"start":{"line":320,"column":2},"end":{"line":320,"column":null}},"126":{"start":{"line":320,"column":15},"end":{"line":320,"column":null}},"127":{"start":{"line":321,"column":39},"end":{"line":321,"column":null}},"128":{"start":{"line":322,"column":14},"end":{"line":322,"column":null}},"129":{"start":{"line":324,"column":2},"end":{"line":326,"column":null}},"130":{"start":{"line":325,"column":4},"end":{"line":325,"column":null}},"131":{"start":{"line":328,"column":2},"end":{"line":332,"column":null}},"132":{"start":{"line":329,"column":20},"end":{"line":329,"column":null}},"133":{"start":{"line":329,"column":84},"end":{"line":329,"column":100}},"134":{"start":{"line":330,"column":49},"end":{"line":330,"column":null}},"135":{"start":{"line":331,"column":4},"end":{"line":331,"column":null}},"136":{"start":{"line":334,"column":2},"end":{"line":334,"column":null}},"137":{"start":{"line":338,"column":37},"end":{"line":338,"column":null}},"138":{"start":{"line":350,"column":2},"end":{"line":350,"column":null}},"139":{"start":{"line":350,"column":30},"end":{"line":350,"column":null}},"140":{"start":{"line":352,"column":2},"end":{"line":355,"column":null}},"141":{"start":{"line":353,"column":19},"end":{"line":353,"column":null}},"142":{"start":{"line":353,"column":72},"end":{"line":353,"column":101}},"143":{"start":{"line":354,"column":4},"end":{"line":354,"column":null}},"144":{"start":{"line":370,"column":2},"end":{"line":370,"column":null}},"145":{"start":{"line":370,"column":18},"end":{"line":370,"column":null}},"146":{"start":{"line":372,"column":35},"end":{"line":372,"column":null}},"147":{"start":{"line":373,"column":18},"end":{"line":373,"column":null}},"148":{"start":{"line":374,"column":14},"end":{"line":374,"column":null}},"149":{"start":{"line":376,"column":2},"end":{"line":383,"column":null}},"150":{"start":{"line":377,"column":4},"end":{"line":377,"column":null}},"151":{"start":{"line":377,"column":22},"end":{"line":377,"column":null}},"152":{"start":{"line":378,"column":20},"end":{"line":378,"column":null}},"153":{"start":{"line":379,"column":20},"end":{"line":379,"column":null}},"154":{"start":{"line":380,"column":17},"end":{"line":380,"column":null}},"155":{"start":{"line":381,"column":10},"end":{"line":381,"column":null}},"156":{"start":{"line":382,"column":4},"end":{"line":382,"column":null}},"157":{"start":{"line":385,"column":2},"end":{"line":385,"column":null}}},"fnMap":{"0":{"name":"(anonymous_0)","decl":{"start":{"line":6,"column":27},"end":{"line":6,"column":28}},"loc":{"start":{"line":31,"column":6},"end":{"line":205,"column":null}},"line":31},"1":{"name":"(anonymous_1)","decl":{"start":{"line":57,"column":20},"end":{"line":57,"column":21}},"loc":{"start":{"line":57,"column":39},"end":{"line":71,"column":null}},"line":57},"2":{"name":"(anonymous_2)","decl":{"start":{"line":83,"column":26},"end":{"line":83,"column":null}},"loc":{"start":{"line":93,"column":9},"end":{"line":135,"column":null}},"line":93},"3":{"name":"(anonymous_3)","decl":{"start":{"line":145,"column":21},"end":{"line":145,"column":22}},"loc":{"start":{"line":145,"column":109},"end":{"line":154,"column":null}},"line":145},"4":{"name":"(anonymous_4)","decl":{"start":{"line":218,"column":35},"end":{"line":218,"column":null}},"loc":{"start":{"line":225,"column":5},"end":{"line":260,"column":null}},"line":225},"5":{"name":"(anonymous_5)","decl":{"start":{"line":267,"column":33},"end":{"line":267,"column":null}},"loc":{"start":{"line":274,"column":5},"end":{"line":285,"column":null}},"line":274},"6":{"name":"parsePercentage","decl":{"start":{"line":293,"column":16},"end":{"line":293,"column":32}},"loc":{"start":{"line":293,"column":90},"end":{"line":301,"column":null}},"line":293},"7":{"name":"filterSpill","decl":{"start":{"line":319,"column":16},"end":{"line":319,"column":28}},"loc":{"start":{"line":319,"column":52},"end":{"line":335,"column":null}},"line":319},"8":{"name":"(anonymous_8)","decl":{"start":{"line":329,"column":75},"end":{"line":329,"column":84}},"loc":{"start":{"line":329,"column":84},"end":{"line":329,"column":100}},"line":329},"9":{"name":"scaleFilterLengths","decl":{"start":{"line":349,"column":16},"end":{"line":349,"column":35}},"loc":{"start":{"line":349,"column":74},"end":{"line":356,"column":null}},"line":349},"10":{"name":"(anonymous_10)","decl":{"start":{"line":352,"column":54},"end":{"line":352,"column":55}},"loc":{"start":{"line":352,"column":94},"end":{"line":355,"column":3}},"line":352},"11":{"name":"(anonymous_11)","decl":{"start":{"line":353,"column":49},"end":{"line":353,"column":50}},"loc":{"start":{"line":353,"column":72},"end":{"line":353,"column":101}},"line":353},"12":{"name":"shadowSpill","decl":{"start":{"line":369,"column":16},"end":{"line":369,"column":28}},"loc":{"start":{"line":369,"column":94},"end":{"line":386,"column":null}},"line":369}},"branchMap":{"0":{"loc":{"start":{"line":32,"column":20},"end":{"line":32,"column":null}},"type":"binary-expr","locations":[{"start":{"line":32,"column":20},"end":{"line":32,"column":58}},{"start":{"line":32,"column":58},"end":{"line":32,"column":null}}],"line":32},"1":{"loc":{"start":{"line":33,"column":32},"end":{"line":33,"column":79}},"type":"binary-expr","locations":[{"start":{"line":33,"column":32},"end":{"line":33,"column":70}},{"start":{"line":33,"column":70},"end":{"line":33,"column":79}}],"line":33},"2":{"loc":{"start":{"line":34,"column":34},"end":{"line":34,"column":83}},"type":"binary-expr","locations":[{"start":{"line":34,"column":34},"end":{"line":34,"column":74}},{"start":{"line":34,"column":74},"end":{"line":34,"column":83}}],"line":34},"3":{"loc":{"start":{"line":35,"column":35},"end":{"line":35,"column":85}},"type":"binary-expr","locations":[{"start":{"line":35,"column":35},"end":{"line":35,"column":76}},{"start":{"line":35,"column":76},"end":{"line":35,"column":85}}],"line":35},"4":{"loc":{"start":{"line":36,"column":33},"end":{"line":36,"column":81}},"type":"binary-expr","locations":[{"start":{"line":36,"column":33},"end":{"line":36,"column":72}},{"start":{"line":36,"column":72},"end":{"line":36,"column":81}}],"line":36},"5":{"loc":{"start":{"line":38,"column":20},"end":{"line":38,"column":null}},"type":"binary-expr","locations":[{"start":{"line":38,"column":20},"end":{"line":38,"column":37}},{"start":{"line":38,"column":37},"end":{"line":38,"column":56}},{"start":{"line":38,"column":56},"end":{"line":38,"column":76}},{"start":{"line":38,"column":76},"end":{"line":38,"column":null}}],"line":38},"6":{"loc":{"start":{"line":41,"column":2},"end":{"line":204,"column":null}},"type":"if","locations":[{"start":{"line":41,"column":2},"end":{"line":204,"column":null}},{"start":{},"end":{}}],"line":41},"7":{"loc":{"start":{"line":41,"column":6},"end":{"line":41,"column":32}},"type":"binary-expr","locations":[{"start":{"line":41,"column":6},"end":{"line":41,"column":19}},{"start":{"line":41,"column":19},"end":{"line":41,"column":32}}],"line":41},"8":{"loc":{"start":{"line":45,"column":6},"end":{"line":52,"column":null}},"type":"cond-expr","locations":[{"start":{"line":46,"column":10},"end":{"line":46,"column":null}},{"start":{"line":47,"column":10},"end":{"line":52,"column":null}}],"line":45},"9":{"loc":{"start":{"line":48,"column":17},"end":{"line":48,"column":null}},"type":"binary-expr","locations":[{"start":{"line":48,"column":17},"end":{"line":48,"column":36}},{"start":{"line":48,"column":36},"end":{"line":48,"column":null}}],"line":48},"10":{"loc":{"start":{"line":49,"column":19},"end":{"line":49,"column":null}},"type":"binary-expr","locations":[{"start":{"line":49,"column":19},"end":{"line":49,"column":40}},{"start":{"line":49,"column":40},"end":{"line":49,"column":null}}],"line":49},"11":{"loc":{"start":{"line":50,"column":20},"end":{"line":50,"column":null}},"type":"binary-expr","locations":[{"start":{"line":50,"column":20},"end":{"line":50,"column":42}},{"start":{"line":50,"column":42},"end":{"line":50,"column":null}}],"line":50},"12":{"loc":{"start":{"line":51,"column":18},"end":{"line":51,"column":null}},"type":"binary-expr","locations":[{"start":{"line":51,"column":18},"end":{"line":51,"column":38}},{"start":{"line":51,"column":38},"end":{"line":51,"column":null}}],"line":51},"13":{"loc":{"start":{"line":58,"column":6},"end":{"line":70,"column":null}},"type":"if","locations":[{"start":{"line":58,"column":6},"end":{"line":70,"column":null}},{"start":{"line":62,"column":6},"end":{"line":70,"column":null}}],"line":58},"14":{"loc":{"start":{"line":58,"column":10},"end":{"line":58,"column":60}},"type":"binary-expr","locations":[{"start":{"line":58,"column":10},"end":{"line":58,"column":49}},{"start":{"line":58,"column":49},"end":{"line":58,"column":60}}],"line":58},"15":{"loc":{"start":{"line":62,"column":6},"end":{"line":70,"column":null}},"type":"if","locations":[{"start":{"line":62,"column":6},"end":{"line":70,"column":null}},{"start":{"line":67,"column":13},"end":{"line":70,"column":null}}],"line":62},"16":{"loc":{"start":{"line":62,"column":17},"end":{"line":62,"column":67}},"type":"binary-expr","locations":[{"start":{"line":62,"column":17},"end":{"line":62,"column":56}},{"start":{"line":62,"column":56},"end":{"line":62,"column":67}}],"line":62},"17":{"loc":{"start":{"line":91,"column":6},"end":{"line":91,"column":null}},"type":"default-arg","locations":[{"start":{"line":91,"column":26},"end":{"line":91,"column":null}}],"line":91},"18":{"loc":{"start":{"line":92,"column":6},"end":{"line":92,"column":null}},"type":"default-arg","locations":[{"start":{"line":92,"column":24},"end":{"line":92,"column":null}}],"line":92},"19":{"loc":{"start":{"line":94,"column":6},"end":{"line":94,"column":null}},"type":"if","locations":[{"start":{"line":94,"column":6},"end":{"line":94,"column":null}},{"start":{},"end":{}}],"line":94},"20":{"loc":{"start":{"line":98,"column":6},"end":{"line":103,"column":null}},"type":"if","locations":[{"start":{"line":98,"column":6},"end":{"line":103,"column":null}},{"start":{},"end":{}}],"line":98},"21":{"loc":{"start":{"line":107,"column":6},"end":{"line":107,"column":null}},"type":"if","locations":[{"start":{"line":107,"column":6},"end":{"line":107,"column":null}},{"start":{},"end":{}}],"line":107},"22":{"loc":{"start":{"line":111,"column":6},"end":{"line":128,"column":null}},"type":"if","locations":[{"start":{"line":111,"column":6},"end":{"line":128,"column":null}},{"start":{"line":114,"column":13},"end":{"line":128,"column":null}}],"line":111},"23":{"loc":{"start":{"line":119,"column":8},"end":{"line":127,"column":null}},"type":"if","locations":[{"start":{"line":119,"column":8},"end":{"line":127,"column":null}},{"start":{},"end":{}}],"line":119},"24":{"loc":{"start":{"line":119,"column":12},"end":{"line":119,"column":52}},"type":"binary-expr","locations":[{"start":{"line":119,"column":12},"end":{"line":119,"column":40}},{"start":{"line":119,"column":40},"end":{"line":119,"column":52}}],"line":119},"25":{"loc":{"start":{"line":146,"column":6},"end":{"line":146,"column":null}},"type":"if","locations":[{"start":{"line":146,"column":6},"end":{"line":146,"column":null}},{"start":{},"end":{}}],"line":146},"26":{"loc":{"start":{"line":172,"column":4},"end":{"line":203,"column":null}},"type":"if","locations":[{"start":{"line":172,"column":4},"end":{"line":203,"column":null}},{"start":{"line":186,"column":11},"end":{"line":203,"column":null}}],"line":172},"27":{"loc":{"start":{"line":226,"column":2},"end":{"line":230,"column":null}},"type":"if","locations":[{"start":{"line":226,"column":2},"end":{"line":230,"column":null}},{"start":{},"end":{}}],"line":226},"28":{"loc":{"start":{"line":226,"column":6},"end":{"line":226,"column":33}},"type":"binary-expr","locations":[{"start":{"line":226,"column":6},"end":{"line":226,"column":20}},{"start":{"line":226,"column":20},"end":{"line":226,"column":33}}],"line":226},"29":{"loc":{"start":{"line":245,"column":2},"end":{"line":245,"column":null}},"type":"cond-expr","locations":[{"start":{"line":245,"column":18},"end":{"line":245,"column":95}},{"start":{"line":245,"column":95},"end":{"line":245,"column":null}}],"line":245},"30":{"loc":{"start":{"line":249,"column":2},"end":{"line":249,"column":null}},"type":"cond-expr","locations":[{"start":{"line":249,"column":18},"end":{"line":249,"column":104}},{"start":{"line":249,"column":104},"end":{"line":249,"column":null}}],"line":249},"31":{"loc":{"start":{"line":253,"column":2},"end":{"line":253,"column":null}},"type":"cond-expr","locations":[{"start":{"line":253,"column":18},"end":{"line":253,"column":102}},{"start":{"line":253,"column":102},"end":{"line":253,"column":null}}],"line":253},"32":{"loc":{"start":{"line":257,"column":2},"end":{"line":257,"column":null}},"type":"cond-expr","locations":[{"start":{"line":257,"column":18},"end":{"line":257,"column":93}},{"start":{"line":257,"column":93},"end":{"line":257,"column":null}}],"line":257},"33":{"loc":{"start":{"line":276,"column":2},"end":{"line":283,"column":null}},"type":"if","locations":[{"start":{"line":276,"column":2},"end":{"line":283,"column":null}},{"start":{"line":278,"column":2},"end":{"line":283,"column":null}}],"line":276},"34":{"loc":{"start":{"line":278,"column":2},"end":{"line":283,"column":null}},"type":"if","locations":[{"start":{"line":278,"column":2},"end":{"line":283,"column":null}},{"start":{},"end":{}}],"line":278},"35":{"loc":{"start":{"line":278,"column":13},"end":{"line":278,"column":68}},"type":"binary-expr","locations":[{"start":{"line":278,"column":13},"end":{"line":278,"column":47}},{"start":{"line":278,"column":47},"end":{"line":278,"column":68}}],"line":278},"36":{"loc":{"start":{"line":279,"column":32},"end":{"line":279,"column":55}},"type":"binary-expr","locations":[{"start":{"line":279,"column":32},"end":{"line":279,"column":54}},{"start":{"line":279,"column":54},"end":{"line":279,"column":55}}],"line":279},"37":{"loc":{"start":{"line":280,"column":33},"end":{"line":280,"column":57}},"type":"binary-expr","locations":[{"start":{"line":280,"column":33},"end":{"line":280,"column":56}},{"start":{"line":280,"column":56},"end":{"line":280,"column":57}}],"line":280},"38":{"loc":{"start":{"line":281,"column":36},"end":{"line":281,"column":63}},"type":"binary-expr","locations":[{"start":{"line":281,"column":36},"end":{"line":281,"column":62}},{"start":{"line":281,"column":62},"end":{"line":281,"column":63}}],"line":281},"39":{"loc":{"start":{"line":282,"column":35},"end":{"line":282,"column":61}},"type":"binary-expr","locations":[{"start":{"line":282,"column":35},"end":{"line":282,"column":60}},{"start":{"line":282,"column":60},"end":{"line":282,"column":61}}],"line":282},"40":{"loc":{"start":{"line":294,"column":2},"end":{"line":296,"column":null}},"type":"if","locations":[{"start":{"line":294,"column":2},"end":{"line":296,"column":null}},{"start":{},"end":{}}],"line":294},"41":{"loc":{"start":{"line":297,"column":2},"end":{"line":299,"column":null}},"type":"if","locations":[{"start":{"line":297,"column":2},"end":{"line":299,"column":null}},{"start":{},"end":{}}],"line":297},"42":{"loc":{"start":{"line":297,"column":6},"end":{"line":297,"column":56}},"type":"binary-expr","locations":[{"start":{"line":297,"column":6},"end":{"line":297,"column":35}},{"start":{"line":297,"column":35},"end":{"line":297,"column":56}}],"line":297},"43":{"loc":{"start":{"line":298,"column":11},"end":{"line":298,"column":null}},"type":"cond-expr","locations":[{"start":{"line":298,"column":25},"end":{"line":298,"column":59}},{"start":{"line":298,"column":59},"end":{"line":298,"column":null}}],"line":298},"44":{"loc":{"start":{"line":320,"column":2},"end":{"line":320,"column":null}},"type":"if","locations":[{"start":{"line":320,"column":2},"end":{"line":320,"column":null}},{"start":{},"end":{}}],"line":320},"45":{"loc":{"start":{"line":330,"column":11},"end":{"line":330,"column":24}},"type":"default-arg","locations":[{"start":{"line":330,"column":21},"end":{"line":330,"column":24}}],"line":330},"46":{"loc":{"start":{"line":330,"column":24},"end":{"line":330,"column":37}},"type":"default-arg","locations":[{"start":{"line":330,"column":34},"end":{"line":330,"column":37}}],"line":330},"47":{"loc":{"start":{"line":330,"column":37},"end":{"line":330,"column":45}},"type":"default-arg","locations":[{"start":{"line":330,"column":44},"end":{"line":330,"column":45}}],"line":330},"48":{"loc":{"start":{"line":350,"column":2},"end":{"line":350,"column":null}},"type":"if","locations":[{"start":{"line":350,"column":2},"end":{"line":350,"column":null}},{"start":{},"end":{}}],"line":350},"49":{"loc":{"start":{"line":350,"column":6},"end":{"line":350,"column":30}},"type":"binary-expr","locations":[{"start":{"line":350,"column":6},"end":{"line":350,"column":17}},{"start":{"line":350,"column":17},"end":{"line":350,"column":30}}],"line":350},"50":{"loc":{"start":{"line":370,"column":2},"end":{"line":370,"column":null}},"type":"if","locations":[{"start":{"line":370,"column":2},"end":{"line":370,"column":null}},{"start":{},"end":{}}],"line":370},"51":{"loc":{"start":{"line":373,"column":18},"end":{"line":373,"column":null}},"type":"cond-expr","locations":[{"start":{"line":373,"column":45},"end":{"line":373,"column":57}},{"start":{"line":373,"column":57},"end":{"line":373,"column":null}}],"line":373},"52":{"loc":{"start":{"line":377,"column":4},"end":{"line":377,"column":null}},"type":"if","locations":[{"start":{"line":377,"column":4},"end":{"line":377,"column":null}},{"start":{},"end":{}}],"line":377},"53":{"loc":{"start":{"line":378,"column":20},"end":{"line":378,"column":null}},"type":"binary-expr","locations":[{"start":{"line":378,"column":20},"end":{"line":378,"column":38}},{"start":{"line":378,"column":38},"end":{"line":378,"column":null}}],"line":378},"54":{"loc":{"start":{"line":379,"column":20},"end":{"line":379,"column":null}},"type":"binary-expr","locations":[{"start":{"line":379,"column":20},"end":{"line":379,"column":38}},{"start":{"line":379,"column":38},"end":{"line":379,"column":null}}],"line":379},"55":{"loc":{"start":{"line":380,"column":17},"end":{"line":380,"column":null}},"type":"binary-expr","locations":[{"start":{"line":380,"column":17},"end":{"line":380,"column":32}},{"start":{"line":380,"column":32},"end":{"line":380,"column":null}}],"line":380},"56":{"loc":{"start":{"line":381,"column":48},"end":{"line":381,"column":66}},"type":"binary-expr","locations":[{"start":{"line":381,"column":48},"end":{"line":381,"column":65}},{"start":{"line":381,"column":65},"end":{"line":381,"column":66}}],"line":381}},"s":{"0":26,"1":1041,"2":1041,"3":1041,"4":1041,"5":1041,"6":1041,"7":1041,"8":1041,"9":8,"10":8,"11":8,"12":8,"13":38,"14":0,"15":0,"16":38,"17":0,"18":0,"19":0,"20":0,"21":38,"22":38,"23":8,"24":36,"25":28,"26":8,"27":2,"28":2,"29":2,"30":2,"31":6,"32":6,"33":6,"34":0,"35":6,"36":0,"37":6,"38":6,"39":0,"40":0,"41":0,"42":0,"43":0,"44":6,"45":6,"46":6,"47":6,"48":6,"49":8,"50":32,"51":0,"52":32,"53":32,"54":32,"55":32,"56":32,"57":32,"58":32,"59":8,"60":8,"61":8,"62":8,"63":8,"64":8,"65":8,"66":8,"67":8,"68":8,"69":8,"70":0,"71":0,"72":0,"73":0,"74":0,"75":0,"76":0,"77":0,"78":8,"79":8,"80":8,"81":8,"82":8,"83":8,"84":8,"85":8,"86":26,"87":764,"88":0,"89":0,"90":0,"91":764,"92":764,"93":764,"94":764,"95":764,"96":764,"97":764,"98":764,"99":764,"100":764,"101":764,"102":764,"103":764,"104":764,"105":764,"106":764,"107":26,"108":158,"109":158,"110":0,"111":158,"112":0,"113":0,"114":0,"115":0,"116":158,"117":40,"118":6,"119":34,"120":28,"121":6,"122":26,"123":26,"124":26,"125":149,"126":43,"127":106,"128":106,"129":106,"130":83,"131":106,"132":1,"133":4,"134":1,"135":1,"136":106,"137":26,"138":104,"139":49,"140":55,"141":55,"142":55,"143":55,"144":78,"145":73,"146":5,"147":5,"148":78,"149":78,"150":6,"151":1,"152":5,"153":6,"154":6,"155":6,"156":6,"157":5},"f":{"0":1041,"1":38,"2":36,"3":32,"4":764,"5":158,"6":40,"7":149,"8":4,"9":104,"10":55,"11":55,"12":78},"b":{"0":[1041,1034],"1":[1041,1040],"2":[1041,1040],"3":[1041,1040],"4":[1041,1040],"5":[1041,1033,1033,1033],"6":[8,1033],"7":[1041,8],"8":[5,3],"9":[3,1],"10":[3,1],"11":[3,1],"12":[3,0],"13":[0,38],"14":[38,0],"15":[0,38],"16":[38,0],"17":[36],"18":[36],"19":[28,8],"20":[2,6],"21":[0,6],"22":[0,6],"23":[0,6],"24":[6,0],"25":[0,32],"26":[0,8],"27":[0,764],"28":[764,764],"29":[5,759],"30":[5,759],"31":[5,759],"32":[5,759],"33":[0,158],"34":[0,158],"35":[158,0],"36":[0,0],"37":[0,0],"38":[0,0],"39":[0,0],"40":[6,34],"41":[28,6],"42":[34,28],"43":[28,0],"44":[43,106],"45":[1],"46":[1],"47":[1],"48":[49,55],"49":[104,104],"50":[73,5],"51":[1,4],"52":[1,5],"53":[5,5],"54":[6,0],"55":[6,0],"56":[6,5]},"meta":{"lastBranch":57,"lastFunction":13,"lastStatement":158,"seen":{"s:6:27:205:Infinity":0,"f:6:27:6:28":0,"s:32:20:32:Infinity":1,"b:32:20:32:58:32:58:32:Infinity":0,"s:33:20:33:Infinity":2,"b:33:32:33:70:33:70:33:79":1,"s:34:22:34:Infinity":3,"b:34:34:34:74:34:74:34:83":2,"s:35:23:35:Infinity":4,"b:35:35:35:76:35:76:35:85":3,"s:36:21:36:Infinity":5,"b:36:33:36:72:36:72:36:81":4,"s:38:20:38:Infinity":6,"b:38:20:38:37:38:37:38:56:38:56:38:76:38:76:38:Infinity":5,"s:39:20:39:Infinity":7,"b:41:2:204:Infinity:undefined:undefined:undefined:undefined":6,"s:41:2:204:Infinity":8,"b:41:6:41:19:41:19:41:32":7,"s:45:6:52:Infinity":9,"b:46:10:46:Infinity:47:10:52:Infinity":8,"b:48:17:48:36:48:36:48:Infinity":9,"b:49:19:49:40:49:40:49:Infinity":10,"b:50:20:50:42:50:42:50:Infinity":11,"b:51:18:51:38:51:38:51:Infinity":12,"s:54:4:54:Infinity":10,"s:55:4:55:Infinity":11,"s:57:20:71:Infinity":12,"f:57:20:57:21":1,"b:58:6:70:Infinity:62:6:70:Infinity":13,"s:58:6:70:Infinity":13,"b:58:10:58:49:58:49:58:60":14,"s:60:8:60:Infinity":14,"s:61:8:61:Infinity":15,"b:62:6:70:Infinity:67:13:70:Infinity":15,"s:62:6:70:Infinity":16,"b:62:17:62:56:62:56:62:67":16,"s:63:8:63:Infinity":17,"s:64:27:64:Infinity":18,"s:65:26:65:Infinity":19,"s:66:8:66:Infinity":20,"s:68:8:68:Infinity":21,"s:69:8:69:Infinity":22,"s:83:26:135:Infinity":23,"f:83:26:83:Infinity":2,"b:91:26:91:Infinity":17,"b:92:24:92:Infinity":18,"b:94:6:94:Infinity:undefined:undefined:undefined:undefined":19,"s:94:6:94:Infinity":24,"s:94:23:94:Infinity":25,"b:98:6:103:Infinity:undefined:undefined:undefined:undefined":20,"s:98:6:103:Infinity":26,"s:99:14:99:Infinity":27,"s:100:8:100:Infinity":28,"s:101:8:101:Infinity":29,"s:102:8:102:Infinity":30,"s:104:6:104:Infinity":31,"s:106:26:106:Infinity":32,"b:107:6:107:Infinity:undefined:undefined:undefined:undefined":21,"s:107:6:107:Infinity":33,"s:107:28:107:Infinity":34,"b:111:6:128:Infinity:114:13:128:Infinity":22,"s:111:6:128:Infinity":35,"s:113:8:113:Infinity":36,"s:117:8:117:Infinity":37,"b:119:8:127:Infinity:undefined:undefined:undefined:undefined":23,"s:119:8:127:Infinity":38,"b:119:12:119:40:119:40:119:52":24,"s:121:10:121:Infinity":39,"s:122:10:122:Infinity":40,"s:124:10:124:Infinity":41,"s:125:10:125:Infinity":42,"s:126:10:126:Infinity":43,"s:130:6:130:Infinity":44,"s:131:6:131:Infinity":45,"s:132:6:132:Infinity":46,"s:133:6:133:Infinity":47,"s:134:6:134:Infinity":48,"s:145:21:154:Infinity":49,"f:145:21:145:22":3,"b:146:6:146:Infinity:undefined:undefined:undefined:undefined":25,"s:146:6:146:Infinity":50,"s:146:28:146:Infinity":51,"s:147:6:147:Infinity":52,"s:148:6:148:Infinity":53,"s:149:6:149:Infinity":54,"s:150:6:150:Infinity":55,"s:151:6:151:Infinity":56,"s:152:6:152:Infinity":57,"s:153:6:153:Infinity":58,"s:157:19:157:Infinity":59,"s:158:19:158:Infinity":60,"s:159:19:159:Infinity":61,"s:160:19:160:Infinity":62,"s:163:23:163:Infinity":63,"s:164:23:164:Infinity":64,"s:165:16:165:Infinity":65,"s:166:16:166:Infinity":66,"s:167:16:167:Infinity":67,"s:168:16:168:Infinity":68,"b:172:4:203:Infinity:186:11:203:Infinity":26,"s:172:4:203:Infinity":69,"s:174:6:174:Infinity":70,"s:176:6:176:Infinity":71,"s:178:6:178:Infinity":72,"s:180:6:180:Infinity":73,"s:182:6:182:Infinity":74,"s:183:6:183:Infinity":75,"s:184:6:184:Infinity":76,"s:185:6:185:Infinity":77,"s:189:6:189:Infinity":78,"s:191:6:191:Infinity":79,"s:193:6:193:Infinity":80,"s:195:6:195:Infinity":81,"s:199:6:199:Infinity":82,"s:200:6:200:Infinity":83,"s:201:6:201:Infinity":84,"s:202:6:202:Infinity":85,"s:218:35:260:Infinity":86,"f:218:35:218:Infinity":4,"b:226:2:230:Infinity:undefined:undefined:undefined:undefined":27,"s:226:2:230:Infinity":87,"b:226:6:226:20:226:20:226:33":28,"s:227:4:227:Infinity":88,"s:228:4:228:Infinity":89,"s:229:4:229:Infinity":90,"s:232:2:232:Infinity":91,"s:235:20:235:Infinity":92,"s:236:20:236:Infinity":93,"s:237:20:237:Infinity":94,"s:238:20:238:Infinity":95,"s:239:20:239:Infinity":96,"s:241:2:241:Infinity":97,"s:244:2:244:Infinity":98,"s:245:2:245:Infinity":99,"b:245:18:245:95:245:95:245:Infinity":29,"s:248:2:248:Infinity":100,"s:249:2:249:Infinity":101,"b:249:18:249:104:249:104:249:Infinity":30,"s:252:2:252:Infinity":102,"s:253:2:253:Infinity":103,"b:253:18:253:102:253:102:253:Infinity":31,"s:256:2:256:Infinity":104,"s:257:2:257:Infinity":105,"b:257:18:257:93:257:93:257:Infinity":32,"s:259:2:259:Infinity":106,"s:267:33:285:Infinity":107,"f:267:33:267:Infinity":5,"s:275:16:275:Infinity":108,"b:276:2:283:Infinity:278:2:283:Infinity":33,"s:276:2:283:Infinity":109,"s:277:4:277:Infinity":110,"b:278:2:283:Infinity:undefined:undefined:undefined:undefined":34,"s:278:2:283:Infinity":111,"b:278:13:278:47:278:47:278:68":35,"s:279:4:279:Infinity":112,"b:279:32:279:54:279:54:279:55":36,"s:280:4:280:Infinity":113,"b:280:33:280:56:280:56:280:57":37,"s:281:4:281:Infinity":114,"b:281:36:281:62:281:62:281:63":38,"s:282:4:282:Infinity":115,"b:282:35:282:60:282:60:282:61":39,"s:284:2:284:Infinity":116,"f:293:16:293:32":6,"b:294:2:296:Infinity:undefined:undefined:undefined:undefined":40,"s:294:2:296:Infinity":117,"s:295:4:295:Infinity":118,"b:297:2:299:Infinity:undefined:undefined:undefined:undefined":41,"s:297:2:299:Infinity":119,"b:297:6:297:35:297:35:297:56":42,"s:298:4:298:Infinity":120,"b:298:25:298:59:298:59:298:Infinity":43,"s:300:2:300:Infinity":121,"s:304:22:304:Infinity":122,"s:305:22:305:Infinity":123,"s:306:29:306:Infinity":124,"f:319:16:319:28":7,"b:320:2:320:Infinity:undefined:undefined:undefined:undefined":44,"s:320:2:320:Infinity":125,"s:320:15:320:Infinity":126,"s:321:39:321:Infinity":127,"s:322:14:322:Infinity":128,"s:324:2:326:Infinity":129,"s:325:4:325:Infinity":130,"s:328:2:332:Infinity":131,"s:329:20:329:Infinity":132,"f:329:75:329:84":8,"s:329:84:329:100":133,"s:330:49:330:Infinity":134,"b:330:21:330:24":45,"b:330:34:330:37":46,"b:330:44:330:45":47,"s:331:4:331:Infinity":135,"s:334:2:334:Infinity":136,"s:338:37:338:Infinity":137,"f:349:16:349:35":9,"b:350:2:350:Infinity:undefined:undefined:undefined:undefined":48,"s:350:2:350:Infinity":138,"b:350:6:350:17:350:17:350:30":49,"s:350:30:350:Infinity":139,"s:352:2:355:Infinity":140,"f:352:54:352:55":10,"s:353:19:353:Infinity":141,"f:353:49:353:50":11,"s:353:72:353:101":142,"s:354:4:354:Infinity":143,"f:369:16:369:28":12,"b:370:2:370:Infinity:undefined:undefined:undefined:undefined":50,"s:370:2:370:Infinity":144,"s:370:18:370:Infinity":145,"s:372:35:372:Infinity":146,"s:373:18:373:Infinity":147,"b:373:45:373:57:373:57:373:Infinity":51,"s:374:14:374:Infinity":148,"s:376:2:383:Infinity":149,"b:377:4:377:Infinity:undefined:undefined:undefined:undefined":52,"s:377:4:377:Infinity":150,"s:377:22:377:Infinity":151,"s:378:20:378:Infinity":152,"b:378:20:378:38:378:38:378:Infinity":53,"s:379:20:379:Infinity":153,"b:379:20:379:38:379:38:379:Infinity":54,"s:380:17:380:Infinity":154,"b:380:17:380:32:380:32:380:Infinity":55,"s:381:10:381:Infinity":155,"b:381:48:381:65:381:65:381:66":56,"s:382:4:382:Infinity":156,"s:385:2:385:Infinity":157}}}
,"/Users/ukasyahrz/Projects/meo-canvas/src/canvas/chart.canvas.ts": {"path":"/Users/ukasyahrz/Projects/meo-canvas/src/canvas/chart.canvas.ts","statementMap":{"0":{"start":{"line":15,"column":14},"end":{"line":15,"column":null}},"1":{"start":{"line":15,"column":63},"end":{"line":15,"column":null}},"2":{"start":{"line":29,"column":25},"end":{"line":36,"column":null}},"3":{"start":{"line":30,"column":2},"end":{"line":35,"column":null}},"4":{"start":{"line":31,"column":4},"end":{"line":31,"column":null}},"5":{"start":{"line":34,"column":4},"end":{"line":34,"column":null}},"6":{"start":{"line":45,"column":25},"end":{"line":45,"column":null}},"7":{"start":{"line":46,"column":26},"end":{"line":46,"column":null}},"8":{"start":{"line":48,"column":4},"end":{"line":53,"column":null}},"9":{"start":{"line":55,"column":4},"end":{"line":55,"column":null}},"10":{"start":{"line":56,"column":4},"end":{"line":56,"column":null}},"11":{"start":{"line":57,"column":4},"end":{"line":63,"column":null}},"12":{"start":{"line":65,"column":4},"end":{"line":65,"column":null}},"13":{"start":{"line":69,"column":4},"end":{"line":86,"column":null}},"14":{"start":{"line":70,"column":19},"end":{"line":70,"column":null}},"15":{"start":{"line":71,"column":6},"end":{"line":73,"column":null}},"16":{"start":{"line":72,"column":8},"end":{"line":72,"column":null}},"17":{"start":{"line":74,"column":6},"end":{"line":80,"column":null}},"18":{"start":{"line":75,"column":8},"end":{"line":79,"column":null}},"19":{"start":{"line":76,"column":10},"end":{"line":78,"column":null}},"20":{"start":{"line":81,"column":4},"end":{"line":86,"column":null}},"21":{"start":{"line":82,"column":19},"end":{"line":82,"column":null}},"22":{"start":{"line":83,"column":6},"end":{"line":85,"column":null}},"23":{"start":{"line":84,"column":8},"end":{"line":84,"column":null}},"24":{"start":{"line":91,"column":4},"end":{"line":91,"column":null}},"25":{"start":{"line":94,"column":24},"end":{"line":94,"column":null}},"26":{"start":{"line":95,"column":25},"end":{"line":95,"column":null}},"27":{"start":{"line":96,"column":23},"end":{"line":96,"column":null}},"28":{"start":{"line":97,"column":26},"end":{"line":97,"column":null}},"29":{"start":{"line":98,"column":21},"end":{"line":98,"column":null}},"30":{"start":{"line":99,"column":21},"end":{"line":99,"column":null}},"31":{"start":{"line":100,"column":25},"end":{"line":100,"column":null}},"32":{"start":{"line":101,"column":26},"end":{"line":101,"column":null}},"33":{"start":{"line":103,"column":4},"end":{"line":116,"column":null}},"34":{"start":{"line":105,"column":8},"end":{"line":105,"column":null}},"35":{"start":{"line":106,"column":8},"end":{"line":106,"column":null}},"36":{"start":{"line":108,"column":8},"end":{"line":108,"column":null}},"37":{"start":{"line":109,"column":8},"end":{"line":109,"column":null}},"38":{"start":{"line":111,"column":8},"end":{"line":111,"column":null}},"39":{"start":{"line":112,"column":8},"end":{"line":112,"column":null}},"40":{"start":{"line":114,"column":8},"end":{"line":114,"column":null}},"41":{"start":{"line":115,"column":8},"end":{"line":115,"column":null}},"42":{"start":{"line":120,"column":19},"end":{"line":120,"column":null}},"43":{"start":{"line":123,"column":23},"end":{"line":129,"column":null}},"44":{"start":{"line":131,"column":17},"end":{"line":131,"column":null}},"45":{"start":{"line":132,"column":4},"end":{"line":137,"column":null}},"46":{"start":{"line":133,"column":6},"end":{"line":136,"column":null}},"47":{"start":{"line":134,"column":8},"end":{"line":134,"column":null}},"48":{"start":{"line":135,"column":8},"end":{"line":135,"column":null}},"49":{"start":{"line":139,"column":4},"end":{"line":144,"column":null}},"50":{"start":{"line":140,"column":21},"end":{"line":140,"column":null}},"51":{"start":{"line":141,"column":21},"end":{"line":141,"column":null}},"52":{"start":{"line":142,"column":22},"end":{"line":142,"column":null}},"53":{"start":{"line":143,"column":6},"end":{"line":143,"column":null}},"54":{"start":{"line":148,"column":4},"end":{"line":150,"column":null}},"55":{"start":{"line":149,"column":6},"end":{"line":149,"column":null}},"56":{"start":{"line":152,"column":24},"end":{"line":152,"column":null}},"57":{"start":{"line":153,"column":4},"end":{"line":155,"column":null}},"58":{"start":{"line":154,"column":6},"end":{"line":154,"column":null}},"59":{"start":{"line":157,"column":21},"end":{"line":157,"column":null}},"60":{"start":{"line":158,"column":4},"end":{"line":158,"column":null}},"61":{"start":{"line":159,"column":10},"end":{"line":159,"column":null}},"62":{"start":{"line":160,"column":23},"end":{"line":160,"column":null}},"63":{"start":{"line":161,"column":23},"end":{"line":161,"column":null}},"64":{"start":{"line":162,"column":21},"end":{"line":162,"column":null}},"65":{"start":{"line":163,"column":20},"end":{"line":163,"column":null}},"66":{"start":{"line":166,"column":6},"end":{"line":166,"column":null}},"67":{"start":{"line":166,"column":70},"end":{"line":166,"column":77}},"68":{"start":{"line":166,"column":130},"end":{"line":166,"column":155}},"69":{"start":{"line":171,"column":4},"end":{"line":192,"column":null}},"70":{"start":{"line":172,"column":21},"end":{"line":172,"column":null}},"71":{"start":{"line":173,"column":20},"end":{"line":173,"column":null}},"72":{"start":{"line":174,"column":26},"end":{"line":174,"column":null}},"73":{"start":{"line":175,"column":6},"end":{"line":184,"column":null}},"74":{"start":{"line":176,"column":14},"end":{"line":176,"column":null}},"75":{"start":{"line":177,"column":26},"end":{"line":177,"column":null}},"76":{"start":{"line":179,"column":8},"end":{"line":182,"column":null}},"77":{"start":{"line":180,"column":10},"end":{"line":180,"column":null}},"78":{"start":{"line":181,"column":10},"end":{"line":181,"column":null}},"79":{"start":{"line":183,"column":8},"end":{"line":183,"column":null}},"80":{"start":{"line":185,"column":6},"end":{"line":185,"column":null}},"81":{"start":{"line":186,"column":6},"end":{"line":186,"column":null}},"82":{"start":{"line":189,"column":28},"end":{"line":189,"column":null}},"83":{"start":{"line":189,"column":61},"end":{"line":189,"column":99}},"84":{"start":{"line":190,"column":6},"end":{"line":190,"column":null}},"85":{"start":{"line":191,"column":6},"end":{"line":191,"column":null}},"86":{"start":{"line":194,"column":30},"end":{"line":194,"column":null}},"87":{"start":{"line":195,"column":31},"end":{"line":195,"column":null}},"88":{"start":{"line":203,"column":4},"end":{"line":234,"column":null}},"89":{"start":{"line":204,"column":6},"end":{"line":204,"column":null}},"90":{"start":{"line":205,"column":6},"end":{"line":205,"column":null}},"91":{"start":{"line":206,"column":6},"end":{"line":206,"column":null}},"92":{"start":{"line":207,"column":6},"end":{"line":207,"column":null}},"93":{"start":{"line":208,"column":6},"end":{"line":208,"column":null}},"94":{"start":{"line":210,"column":6},"end":{"line":217,"column":null}},"95":{"start":{"line":211,"column":8},"end":{"line":211,"column":null}},"96":{"start":{"line":212,"column":8},"end":{"line":212,"column":null}},"97":{"start":{"line":215,"column":8},"end":{"line":215,"column":null}},"98":{"start":{"line":216,"column":8},"end":{"line":216,"column":null}},"99":{"start":{"line":220,"column":6},"end":{"line":220,"column":null}},"100":{"start":{"line":221,"column":6},"end":{"line":221,"column":null}},"101":{"start":{"line":222,"column":6},"end":{"line":222,"column":null}},"102":{"start":{"line":223,"column":6},"end":{"line":223,"column":null}},"103":{"start":{"line":224,"column":6},"end":{"line":224,"column":null}},"104":{"start":{"line":226,"column":6},"end":{"line":233,"column":null}},"105":{"start":{"line":227,"column":8},"end":{"line":227,"column":null}},"106":{"start":{"line":228,"column":8},"end":{"line":228,"column":null}},"107":{"start":{"line":231,"column":8},"end":{"line":231,"column":null}},"108":{"start":{"line":232,"column":8},"end":{"line":232,"column":null}},"109":{"start":{"line":236,"column":4},"end":{"line":245,"column":null}},"110":{"start":{"line":249,"column":4},"end":{"line":249,"column":null}},"111":{"start":{"line":249,"column":34},"end":{"line":249,"column":null}},"112":{"start":{"line":250,"column":22},"end":{"line":250,"column":null}},"113":{"start":{"line":251,"column":25},"end":{"line":251,"column":null}},"114":{"start":{"line":253,"column":33},"end":{"line":253,"column":null}},"115":{"start":{"line":254,"column":21},"end":{"line":254,"column":null}},"116":{"start":{"line":254,"column":55},"end":{"line":254,"column":61}},"117":{"start":{"line":256,"column":25},"end":{"line":256,"column":null}},"118":{"start":{"line":257,"column":17},"end":{"line":257,"column":null}},"119":{"start":{"line":258,"column":19},"end":{"line":258,"column":null}},"120":{"start":{"line":259,"column":21},"end":{"line":259,"column":null}},"121":{"start":{"line":260,"column":24},"end":{"line":260,"column":null}},"122":{"start":{"line":262,"column":4},"end":{"line":269,"column":null}},"123":{"start":{"line":263,"column":23},"end":{"line":263,"column":null}},"124":{"start":{"line":264,"column":6},"end":{"line":264,"column":null}},"125":{"start":{"line":265,"column":23},"end":{"line":265,"column":null}},"126":{"start":{"line":266,"column":12},"end":{"line":266,"column":null}},"127":{"start":{"line":267,"column":6},"end":{"line":267,"column":null}},"128":{"start":{"line":268,"column":6},"end":{"line":268,"column":null}},"129":{"start":{"line":271,"column":22},"end":{"line":271,"column":null}},"130":{"start":{"line":272,"column":4},"end":{"line":277,"column":null}},"131":{"start":{"line":273,"column":23},"end":{"line":273,"column":null}},"132":{"start":{"line":274,"column":6},"end":{"line":274,"column":null}},"133":{"start":{"line":275,"column":12},"end":{"line":275,"column":null}},"134":{"start":{"line":276,"column":6},"end":{"line":276,"column":null}},"135":{"start":{"line":278,"column":29},"end":{"line":278,"column":null}},"136":{"start":{"line":280,"column":23},"end":{"line":280,"column":null}},"137":{"start":{"line":281,"column":23},"end":{"line":281,"column":null}},"138":{"start":{"line":282,"column":10},"end":{"line":282,"column":null}},"139":{"start":{"line":285,"column":4},"end":{"line":315,"column":null}},"140":{"start":{"line":286,"column":6},"end":{"line":286,"column":null}},"141":{"start":{"line":287,"column":6},"end":{"line":287,"column":null}},"142":{"start":{"line":288,"column":6},"end":{"line":292,"column":null}},"143":{"start":{"line":289,"column":8},"end":{"line":289,"column":null}},"144":{"start":{"line":290,"column":6},"end":{"line":292,"column":null}},"145":{"start":{"line":291,"column":8},"end":{"line":291,"column":null}},"146":{"start":{"line":294,"column":6},"end":{"line":313,"column":null}},"147":{"start":{"line":294,"column":19},"end":{"line":294,"column":22}},"148":{"start":{"line":295,"column":22},"end":{"line":295,"column":null}},"149":{"start":{"line":296,"column":8},"end":{"line":296,"column":null}},"150":{"start":{"line":297,"column":8},"end":{"line":297,"column":null}},"151":{"start":{"line":298,"column":8},"end":{"line":298,"column":null}},"152":{"start":{"line":299,"column":8},"end":{"line":299,"column":null}},"153":{"start":{"line":301,"column":8},"end":{"line":312,"column":null}},"154":{"start":{"line":302,"column":24},"end":{"line":302,"column":null}},"155":{"start":{"line":303,"column":24},"end":{"line":303,"column":null}},"156":{"start":{"line":305,"column":10},"end":{"line":311,"column":null}},"157":{"start":{"line":314,"column":6},"end":{"line":314,"column":null}},"158":{"start":{"line":318,"column":4},"end":{"line":385,"column":null}},"159":{"start":{"line":318,"column":21},"end":{"line":318,"column":24}},"160":{"start":{"line":319,"column":20},"end":{"line":319,"column":null}},"161":{"start":{"line":320,"column":21},"end":{"line":320,"column":null}},"162":{"start":{"line":322,"column":6},"end":{"line":356,"column":null}},"163":{"start":{"line":322,"column":30},"end":{"line":322,"column":33}},"164":{"start":{"line":323,"column":24},"end":{"line":323,"column":null}},"165":{"start":{"line":324,"column":27},"end":{"line":324,"column":null}},"166":{"start":{"line":325,"column":21},"end":{"line":325,"column":null}},"167":{"start":{"line":326,"column":21},"end":{"line":326,"column":null}},"168":{"start":{"line":328,"column":8},"end":{"line":328,"column":null}},"169":{"start":{"line":329,"column":8},"end":{"line":329,"column":null}},"170":{"start":{"line":332,"column":8},"end":{"line":355,"column":null}},"171":{"start":{"line":333,"column":24},"end":{"line":333,"column":null}},"172":{"start":{"line":334,"column":25},"end":{"line":334,"column":null}},"173":{"start":{"line":335,"column":25},"end":{"line":335,"column":null}},"174":{"start":{"line":337,"column":10},"end":{"line":354,"column":null}},"175":{"start":{"line":338,"column":30},"end":{"line":338,"column":null}},"176":{"start":{"line":339,"column":12},"end":{"line":345,"column":null}},"177":{"start":{"line":340,"column":14},"end":{"line":340,"column":null}},"178":{"start":{"line":341,"column":14},"end":{"line":341,"column":null}},"179":{"start":{"line":342,"column":29},"end":{"line":342,"column":null}},"180":{"start":{"line":343,"column":14},"end":{"line":343,"column":null}},"181":{"start":{"line":344,"column":14},"end":{"line":344,"column":null}},"182":{"start":{"line":347,"column":12},"end":{"line":353,"column":null}},"183":{"start":{"line":359,"column":6},"end":{"line":384,"column":null}},"184":{"start":{"line":360,"column":29},"end":{"line":360,"column":null}},"185":{"start":{"line":362,"column":8},"end":{"line":383,"column":null}},"186":{"start":{"line":363,"column":28},"end":{"line":363,"column":null}},"187":{"start":{"line":364,"column":10},"end":{"line":374,"column":null}},"188":{"start":{"line":365,"column":12},"end":{"line":365,"column":null}},"189":{"start":{"line":366,"column":12},"end":{"line":366,"column":null}},"190":{"start":{"line":367,"column":27},"end":{"line":367,"column":null}},"191":{"start":{"line":368,"column":12},"end":{"line":372,"column":null}},"192":{"start":{"line":373,"column":12},"end":{"line":373,"column":null}},"193":{"start":{"line":376,"column":10},"end":{"line":382,"column":null}},"194":{"start":{"line":388,"column":4},"end":{"line":390,"column":null}},"195":{"start":{"line":389,"column":6},"end":{"line":389,"column":null}},"196":{"start":{"line":394,"column":4},"end":{"line":394,"column":null}},"197":{"start":{"line":394,"column":35},"end":{"line":394,"column":null}},"198":{"start":{"line":395,"column":22},"end":{"line":395,"column":null}},"199":{"start":{"line":396,"column":25},"end":{"line":396,"column":null}},"200":{"start":{"line":398,"column":33},"end":{"line":398,"column":null}},"201":{"start":{"line":399,"column":21},"end":{"line":399,"column":null}},"202":{"start":{"line":399,"column":55},"end":{"line":399,"column":61}},"203":{"start":{"line":401,"column":25},"end":{"line":401,"column":null}},"204":{"start":{"line":402,"column":17},"end":{"line":402,"column":null}},"205":{"start":{"line":403,"column":19},"end":{"line":403,"column":null}},"206":{"start":{"line":404,"column":21},"end":{"line":404,"column":null}},"207":{"start":{"line":405,"column":24},"end":{"line":405,"column":null}},"208":{"start":{"line":407,"column":4},"end":{"line":414,"column":null}},"209":{"start":{"line":408,"column":23},"end":{"line":408,"column":null}},"210":{"start":{"line":409,"column":6},"end":{"line":409,"column":null}},"211":{"start":{"line":410,"column":23},"end":{"line":410,"column":null}},"212":{"start":{"line":411,"column":12},"end":{"line":411,"column":null}},"213":{"start":{"line":412,"column":6},"end":{"line":412,"column":null}},"214":{"start":{"line":413,"column":6},"end":{"line":413,"column":null}},"215":{"start":{"line":416,"column":22},"end":{"line":416,"column":null}},"216":{"start":{"line":417,"column":4},"end":{"line":422,"column":null}},"217":{"start":{"line":418,"column":23},"end":{"line":418,"column":null}},"218":{"start":{"line":419,"column":6},"end":{"line":419,"column":null}},"219":{"start":{"line":420,"column":12},"end":{"line":420,"column":null}},"220":{"start":{"line":421,"column":6},"end":{"line":421,"column":null}},"221":{"start":{"line":423,"column":29},"end":{"line":423,"column":null}},"222":{"start":{"line":424,"column":25},"end":{"line":424,"column":null}},"223":{"start":{"line":427,"column":4},"end":{"line":457,"column":null}},"224":{"start":{"line":428,"column":6},"end":{"line":428,"column":null}},"225":{"start":{"line":429,"column":6},"end":{"line":429,"column":null}},"226":{"start":{"line":430,"column":6},"end":{"line":434,"column":null}},"227":{"start":{"line":431,"column":8},"end":{"line":431,"column":null}},"228":{"start":{"line":432,"column":6},"end":{"line":434,"column":null}},"229":{"start":{"line":433,"column":8},"end":{"line":433,"column":null}},"230":{"start":{"line":436,"column":6},"end":{"line":455,"column":null}},"231":{"start":{"line":436,"column":19},"end":{"line":436,"column":22}},"232":{"start":{"line":437,"column":22},"end":{"line":437,"column":null}},"233":{"start":{"line":438,"column":8},"end":{"line":438,"column":null}},"234":{"start":{"line":439,"column":8},"end":{"line":439,"column":null}},"235":{"start":{"line":440,"column":8},"end":{"line":440,"column":null}},"236":{"start":{"line":441,"column":8},"end":{"line":441,"column":null}},"237":{"start":{"line":443,"column":8},"end":{"line":454,"column":null}},"238":{"start":{"line":444,"column":24},"end":{"line":444,"column":null}},"239":{"start":{"line":445,"column":24},"end":{"line":445,"column":null}},"240":{"start":{"line":447,"column":10},"end":{"line":453,"column":null}},"241":{"start":{"line":456,"column":6},"end":{"line":456,"column":null}},"242":{"start":{"line":460,"column":4},"end":{"line":488,"column":null}},"243":{"start":{"line":460,"column":28},"end":{"line":460,"column":31}},"244":{"start":{"line":461,"column":22},"end":{"line":461,"column":null}},"245":{"start":{"line":462,"column":6},"end":{"line":462,"column":null}},"246":{"start":{"line":463,"column":6},"end":{"line":463,"column":null}},"247":{"start":{"line":464,"column":6},"end":{"line":464,"column":null}},"248":{"start":{"line":466,"column":6},"end":{"line":476,"column":null}},"249":{"start":{"line":466,"column":23},"end":{"line":466,"column":26}},"250":{"start":{"line":467,"column":22},"end":{"line":467,"column":null}},"251":{"start":{"line":468,"column":23},"end":{"line":468,"column":null}},"252":{"start":{"line":469,"column":23},"end":{"line":469,"column":null}},"253":{"start":{"line":471,"column":8},"end":{"line":475,"column":null}},"254":{"start":{"line":472,"column":10},"end":{"line":472,"column":null}},"255":{"start":{"line":474,"column":10},"end":{"line":474,"column":null}},"256":{"start":{"line":477,"column":6},"end":{"line":477,"column":null}},"257":{"start":{"line":480,"column":6},"end":{"line":487,"column":null}},"258":{"start":{"line":480,"column":23},"end":{"line":480,"column":26}},"259":{"start":{"line":481,"column":23},"end":{"line":481,"column":null}},"260":{"start":{"line":482,"column":23},"end":{"line":482,"column":null}},"261":{"start":{"line":483,"column":8},"end":{"line":483,"column":null}},"262":{"start":{"line":484,"column":8},"end":{"line":484,"column":null}},"263":{"start":{"line":485,"column":8},"end":{"line":485,"column":null}},"264":{"start":{"line":486,"column":8},"end":{"line":486,"column":null}},"265":{"start":{"line":491,"column":4},"end":{"line":516,"column":null}},"266":{"start":{"line":492,"column":6},"end":{"line":515,"column":null}},"267":{"start":{"line":492,"column":23},"end":{"line":492,"column":26}},"268":{"start":{"line":493,"column":22},"end":{"line":493,"column":null}},"269":{"start":{"line":494,"column":23},"end":{"line":494,"column":null}},"270":{"start":{"line":495,"column":29},"end":{"line":495,"column":null}},"271":{"start":{"line":497,"column":8},"end":{"line":514,"column":null}},"272":{"start":{"line":498,"column":28},"end":{"line":498,"column":null}},"273":{"start":{"line":499,"column":10},"end":{"line":505,"column":null}},"274":{"start":{"line":500,"column":12},"end":{"line":500,"column":null}},"275":{"start":{"line":501,"column":12},"end":{"line":501,"column":null}},"276":{"start":{"line":502,"column":27},"end":{"line":502,"column":null}},"277":{"start":{"line":503,"column":12},"end":{"line":503,"column":null}},"278":{"start":{"line":504,"column":12},"end":{"line":504,"column":null}},"279":{"start":{"line":507,"column":10},"end":{"line":513,"column":null}},"280":{"start":{"line":518,"column":4},"end":{"line":520,"column":null}},"281":{"start":{"line":519,"column":6},"end":{"line":519,"column":null}},"282":{"start":{"line":524,"column":4},"end":{"line":524,"column":null}},"283":{"start":{"line":524,"column":34},"end":{"line":524,"column":null}},"284":{"start":{"line":525,"column":17},"end":{"line":525,"column":null}},"285":{"start":{"line":526,"column":25},"end":{"line":526,"column":null}},"286":{"start":{"line":528,"column":25},"end":{"line":528,"column":null}},"287":{"start":{"line":529,"column":19},"end":{"line":529,"column":null}},"288":{"start":{"line":530,"column":19},"end":{"line":530,"column":null}},"289":{"start":{"line":531,"column":23},"end":{"line":531,"column":null}},"290":{"start":{"line":532,"column":24},"end":{"line":532,"column":null}},"291":{"start":{"line":534,"column":20},"end":{"line":534,"column":null}},"292":{"start":{"line":535,"column":20},"end":{"line":535,"column":null}},"293":{"start":{"line":536,"column":19},"end":{"line":536,"column":null}},"294":{"start":{"line":538,"column":18},"end":{"line":538,"column":null}},"295":{"start":{"line":538,"column":46},"end":{"line":538,"column":65}},"296":{"start":{"line":539,"column":23},"end":{"line":539,"column":null}},"297":{"start":{"line":541,"column":4},"end":{"line":587,"column":null}},"298":{"start":{"line":541,"column":21},"end":{"line":541,"column":24}},"299":{"start":{"line":542,"column":20},"end":{"line":542,"column":null}},"300":{"start":{"line":543,"column":26},"end":{"line":543,"column":null}},"301":{"start":{"line":544,"column":25},"end":{"line":544,"column":null}},"302":{"start":{"line":545,"column":23},"end":{"line":545,"column":null}},"303":{"start":{"line":547,"column":6},"end":{"line":547,"column":null}},"304":{"start":{"line":548,"column":6},"end":{"line":548,"column":null}},"305":{"start":{"line":549,"column":6},"end":{"line":549,"column":null}},"306":{"start":{"line":550,"column":6},"end":{"line":550,"column":null}},"307":{"start":{"line":551,"column":6},"end":{"line":551,"column":null}},"308":{"start":{"line":552,"column":6},"end":{"line":552,"column":null}},"309":{"start":{"line":555,"column":6},"end":{"line":555,"column":null}},"310":{"start":{"line":556,"column":6},"end":{"line":556,"column":null}},"311":{"start":{"line":557,"column":6},"end":{"line":557,"column":null}},"312":{"start":{"line":560,"column":6},"end":{"line":584,"column":null}},"313":{"start":{"line":561,"column":27},"end":{"line":561,"column":null}},"314":{"start":{"line":562,"column":28},"end":{"line":562,"column":null}},"315":{"start":{"line":563,"column":23},"end":{"line":563,"column":null}},"316":{"start":{"line":564,"column":23},"end":{"line":564,"column":null}},"317":{"start":{"line":566,"column":8},"end":{"line":583,"column":null}},"318":{"start":{"line":567,"column":28},"end":{"line":567,"column":null}},"319":{"start":{"line":568,"column":10},"end":{"line":574,"column":null}},"320":{"start":{"line":569,"column":12},"end":{"line":569,"column":null}},"321":{"start":{"line":570,"column":12},"end":{"line":570,"column":null}},"322":{"start":{"line":571,"column":27},"end":{"line":571,"column":null}},"323":{"start":{"line":572,"column":12},"end":{"line":572,"column":null}},"324":{"start":{"line":573,"column":12},"end":{"line":573,"column":null}},"325":{"start":{"line":
[...]
":20},"end":{"line":26,"column":null}},"2":{"start":{"line":28,"column":2},"end":{"line":48,"column":null}},"3":{"start":{"line":32,"column":33},"end":{"line":32,"column":null}},"4":{"start":{"line":33,"column":4},"end":{"line":39,"column":null}},"5":{"start":{"line":34,"column":6},"end":{"line":38,"column":null}},"6":{"start":{"line":35,"column":8},"end":{"line":35,"column":null}},"7":{"start":{"line":41,"column":23},"end":{"line":41,"column":null}},"8":{"start":{"line":43,"column":4},"end":{"line":43,"column":null}},"9":{"start":{"line":43,"column":50},"end":{"line":43,"column":null}},"10":{"start":{"line":44,"column":4},"end":{"line":44,"column":null}},"11":{"start":{"line":46,"column":4},"end":{"line":46,"column":null}},"12":{"start":{"line":47,"column":4},"end":{"line":47,"column":null}},"13":{"start":{"line":51,"column":24},"end":{"line":51,"column":null}},"14":{"start":{"line":54,"column":2},"end":{"line":54,"column":null}},"15":{"start":{"line":62,"column":15},"end":{"line":62,"column":null}},"16":{"start":{"line":64,"column":20},"end":{"line":105,"column":null}},"17":{"start":{"line":65,"column":4},"end":{"line":65,"column":null}},"18":{"start":{"line":65,"column":49},"end":{"line":65,"column":null}},"19":{"start":{"line":67,"column":4},"end":{"line":69,"column":null}},"20":{"start":{"line":68,"column":6},"end":{"line":68,"column":null}},"21":{"start":{"line":70,"column":4},"end":{"line":72,"column":null}},"22":{"start":{"line":71,"column":6},"end":{"line":71,"column":null}},"23":{"start":{"line":73,"column":4},"end":{"line":76,"column":null}},"24":{"start":{"line":74,"column":22},"end":{"line":74,"column":null}},"25":{"start":{"line":74,"column":57},"end":{"line":74,"column":102}},"26":{"start":{"line":75,"column":6},"end":{"line":75,"column":null}},"27":{"start":{"line":77,"column":4},"end":{"line":79,"column":null}},"28":{"start":{"line":78,"column":6},"end":{"line":78,"column":null}},"29":{"start":{"line":80,"column":4},"end":{"line":82,"column":null}},"30":{"start":{"line":81,"column":6},"end":{"line":81,"column":null}},"31":{"start":{"line":83,"column":4},"end":{"line":86,"column":null}},"32":{"start":{"line":85,"column":6},"end":{"line":85,"column":null}},"33":{"start":{"line":87,"column":4},"end":{"line":90,"column":null}},"34":{"start":{"line":88,"column":20},"end":{"line":88,"column":null}},"35":{"start":{"line":89,"column":6},"end":{"line":89,"column":null}},"36":{"start":{"line":92,"column":4},"end":{"line":92,"column":null}},"37":{"start":{"line":92,"column":23},"end":{"line":92,"column":null}},"38":{"start":{"line":93,"column":4},"end":{"line":93,"column":null}},"39":{"start":{"line":95,"column":4},"end":{"line":97,"column":null}},"40":{"start":{"line":96,"column":6},"end":{"line":96,"column":null}},"41":{"start":{"line":99,"column":41},"end":{"line":99,"column":null}},"42":{"start":{"line":100,"column":4},"end":{"line":103,"column":null}},"43":{"start":{"line":101,"column":25},"end":{"line":101,"column":null}},"44":{"start":{"line":102,"column":6},"end":{"line":102,"column":null}},"45":{"start":{"line":102,"column":36},"end":{"line":102,"column":null}},"46":{"start":{"line":104,"column":4},"end":{"line":104,"column":null}},"47":{"start":{"line":107,"column":21},"end":{"line":107,"column":null}},"48":{"start":{"line":108,"column":2},"end":{"line":108,"column":null}},"49":{"start":{"line":112,"column":42},"end":{"line":112,"column":null}},"50":{"start":{"line":113,"column":2},"end":{"line":113,"column":null}},"51":{"start":{"line":113,"column":47},"end":{"line":113,"column":null}},"52":{"start":{"line":114,"column":2},"end":{"line":114,"column":null}},"53":{"start":{"line":119,"column":2},"end":{"line":119,"column":null}},"54":{"start":{"line":119,"column":21},"end":{"line":119,"column":null}},"55":{"start":{"line":120,"column":2},"end":{"line":120,"column":null}}},"fnMap":{"0":{"name":"hashHttpOptions","decl":{"start":{"line":25,"column":16},"end":{"line":25,"column":32}},"loc":{"start":{"line":25,"column":67},"end":{"line":49,"column":null}},"line":25},"1":{"name":"isBlob","decl":{"start":{"line":53,"column":9},"end":{"line":53,"column":16}},"loc":{"start":{"line":53,"column":47},"end":{"line":55,"column":null}},"line":53},"2":{"name":"stableStringify","decl":{"start":{"line":61,"column":9},"end":{"line":61,"column":25}},"loc":{"start":{"line":61,"column":49},"end":{"line":109,"column":null}},"line":61},"3":{"name":"(anonymous_3)","decl":{"start":{"line":64,"column":20},"end":{"line":64,"column":21}},"loc":{"start":{"line":64,"column":47},"end":{"line":105,"column":null}},"line":64},"4":{"name":"(anonymous_4)","decl":{"start":{"line":74,"column":45},"end":{"line":74,"column":46}},"loc":{"start":{"line":74,"column":57},"end":{"line":74,"column":102}},"line":74},"5":{"name":"describeBlob","decl":{"start":{"line":111,"column":9},"end":{"line":111,"column":22}},"loc":{"start":{"line":111,"column":59},"end":{"line":115,"column":null}},"line":111},"6":{"name":"compareEntries","decl":{"start":{"line":118,"column":9},"end":{"line":118,"column":24}},"loc":{"start":{"line":118,"column":94},"end":{"line":121,"column":null}},"line":118}},"branchMap":{"0":{"loc":{"start":{"line":26,"column":2},"end":{"line":26,"column":null}},"type":"if","locations":[{"start":{"line":26,"column":2},"end":{"line":26,"column":null}},{"start":{},"end":{}}],"line":26},"1":{"loc":{"start":{"line":33,"column":4},"end":{"line":39,"column":null}},"type":"if","locations":[{"start":{"line":33,"column":4},"end":{"line":39,"column":null}},{"start":{},"end":{}}],"line":33},"2":{"loc":{"start":{"line":43,"column":4},"end":{"line":43,"column":null}},"type":"if","locations":[{"start":{"line":43,"column":4},"end":{"line":43,"column":null}},{"start":{},"end":{}}],"line":43},"3":{"loc":{"start":{"line":43,"column":8},"end":{"line":43,"column":50}},"type":"binary-expr","locations":[{"start":{"line":43,"column":8},"end":{"line":43,"column":29}},{"start":{"line":43,"column":29},"end":{"line":43,"column":50}}],"line":43},"4":{"loc":{"start":{"line":54,"column":9},"end":{"line":54,"column":null}},"type":"binary-expr","locations":[{"start":{"line":54,"column":9},"end":{"line":54,"column":40}},{"start":{"line":54,"column":40},"end":{"line":54,"column":null}}],"line":54},"5":{"loc":{"start":{"line":65,"column":4},"end":{"line":65,"column":null}},"type":"if","locations":[{"start":{"line":65,"column":4},"end":{"line":65,"column":null}},{"start":{},"end":{}}],"line":65},"6":{"loc":{"start":{"line":65,"column":8},"end":{"line":65,"column":49}},"type":"binary-expr","locations":[{"start":{"line":65,"column":8},"end":{"line":65,"column":24}},{"start":{"line":65,"column":24},"end":{"line":65,"column":49}}],"line":65},"7":{"loc":{"start":{"line":67,"column":4},"end":{"line":69,"column":null}},"type":"if","locations":[{"start":{"line":67,"column":4},"end":{"line":69,"column":null}},{"start":{},"end":{}}],"line":67},"8":{"loc":{"start":{"line":70,"column":4},"end":{"line":72,"column":null}},"type":"if","locations":[{"start":{"line":70,"column":4},"end":{"line":72,"column":null}},{"start":{},"end":{}}],"line":70},"9":{"loc":{"start":{"line":70,"column":8},"end":{"line":70,"column":82}},"type":"binary-expr","locations":[{"start":{"line":70,"column":8},"end":{"line":70,"column":50}},{"start":{"line":70,"column":50},"end":{"line":70,"column":82}}],"line":70},"10":{"loc":{"start":{"line":73,"column":4},"end":{"line":76,"column":null}},"type":"if","locations":[{"start":{"line":73,"column":4},"end":{"line":76,"column":null}},{"start":{},"end":{}}],"line":73},"11":{"loc":{"start":{"line":73,"column":8},"end":{"line":73,"column":68}},"type":"binary-expr","locations":[{"start":{"line":73,"column":8},"end":{"line":73,"column":43}},{"start":{"line":73,"column":43},"end":{"line":73,"column":68}}],"line":73},"12":{"loc":{"start":{"line":74,"column":61},"end":{"line":74,"column":92}},"type":"cond-expr","locations":[{"start":{"line":74,"column":73},"end":{"line":74,"column":91}},{"start":{"line":74,"column":91},"end":{"line":74,"column":92}}],"line":74},"13":{"loc":{"start":{"line":77,"column":4},"end":{"line":79,"column":null}},"type":"if","locations":[{"start":{"line":77,"column":4},"end":{"line":79,"column":null}},{"start":{},"end":{}}],"line":77},"14":{"loc":{"start":{"line":77,"column":8},"end":{"line":77,"column":80}},"type":"binary-expr","locations":[{"start":{"line":77,"column":8},"end":{"line":77,"column":49}},{"start":{"line":77,"column":49},"end":{"line":77,"column":80}}],"line":77},"15":{"loc":{"start":{"line":80,"column":4},"end":{"line":82,"column":null}},"type":"if","locations":[{"start":{"line":80,"column":4},"end":{"line":82,"column":null}},{"start":{},"end":{}}],"line":80},"16":{"loc":{"start":{"line":83,"column":4},"end":{"line":86,"column":null}},"type":"if","locations":[{"start":{"line":83,"column":4},"end":{"line":86,"column":null}},{"start":{},"end":{}}],"line":83},"17":{"loc":{"start":{"line":83,"column":8},"end":{"line":83,"column":74}},"type":"binary-expr","locations":[{"start":{"line":83,"column":8},"end":{"line":83,"column":46}},{"start":{"line":83,"column":46},"end":{"line":83,"column":74}}],"line":83},"18":{"loc":{"start":{"line":87,"column":4},"end":{"line":90,"column":null}},"type":"if","locations":[{"start":{"line":87,"column":4},"end":{"line":90,"column":null}},{"start":{},"end":{}}],"line":87},"19":{"loc":{"start":{"line":87,"column":8},"end":{"line":87,"column":63}},"type":"binary-expr","locations":[{"start":{"line":87,"column":8},"end":{"line":87,"column":35}},{"start":{"line":87,"column":35},"end":{"line":87,"column":63}}],"line":87},"20":{"loc":{"start":{"line":88,"column":20},"end":{"line":88,"column":null}},"type":"cond-expr","locations":[{"start":{"line":88,"column":49},"end":{"line":88,"column":71}},{"start":{"line":88,"column":71},"end":{"line":88,"column":null}}],"line":88},"21":{"loc":{"start":{"line":92,"column":4},"end":{"line":92,"column":null}},"type":"if","locations":[{"start":{"line":92,"column":4},"end":{"line":92,"column":null}},{"start":{},"end":{}}],"line":92},"22":{"loc":{"start":{"line":95,"column":4},"end":{"line":97,"column":null}},"type":"if","locations":[{"start":{"line":95,"column":4},"end":{"line":97,"column":null}},{"start":{},"end":{}}],"line":95},"23":{"loc":{"start":{"line":102,"column":6},"end":{"line":102,"column":null}},"type":"if","locations":[{"start":{"line":102,"column":6},"end":{"line":102,"column":null}},{"start":{},"end":{}}],"line":102},"24":{"loc":{"start":{"line":108,"column":9},"end":{"line":108,"column":null}},"type":"cond-expr","locations":[{"start":{"line":108,"column":36},"end":{"line":108,"column":41}},{"start":{"line":108,"column":41},"end":{"line":108,"column":null}}],"line":108},"25":{"loc":{"start":{"line":113,"column":2},"end":{"line":113,"column":null}},"type":"if","locations":[{"start":{"line":113,"column":2},"end":{"line":113,"column":null}},{"start":{},"end":{}}],"line":113},"26":{"loc":{"start":{"line":119,"column":2},"end":{"line":119,"column":null}},"type":"if","locations":[{"start":{"line":119,"column":2},"end":{"line":119,"column":null}},{"start":{},"end":{}}],"line":119},"27":{"loc":{"start":{"line":119,"column":28},"end":{"line":119,"column":null}},"type":"cond-expr","locations":[{"start":{"line":119,"column":42},"end":{"line":119,"column":47}},{"start":{"line":119,"column":47},"end":{"line":119,"column":null}}],"line":119},"28":{"loc":{"start":{"line":120,"column":9},"end":{"line":120,"column":null}},"type":"cond-expr","locations":[{"start":{"line":120,"column":39},"end":{"line":120,"column":44}},{"start":{"line":120,"column":44},"end":{"line":120,"column":null}}],"line":120},"29":{"loc":{"start":{"line":120,"column":44},"end":{"line":120,"column":null}},"type":"cond-expr","locations":[{"start":{"line":120,"column":74},"end":{"line":120,"column":78}},{"start":{"line":120,"column":78},"end":{"line":120,"column":null}}],"line":120}},"s":{"0":0,"1":0,"2":0,"3":0,"4":0,"5":0,"6":0,"7":0,"8":0,"9":0,"10":0,"11":0,"12":0,"13":26,"14":0,"15":0,"16":0,"17":0,"18":0,"19":0,"20":0,"21":0,"22":0,"23":0,"24":0,"25":0,"26":0,"27":0,"28":0,"29":0,"30":0,"31":0,"32":0,"33":0,"34":0,"35":0,"36":0,"37":0,"38":0,"39":0,"40":0,"41":0,"42":0,"43":0,"44":0,"45":0,"46":0,"47":0,"48":0,"49":0,"50":0,"51":0,"52":0,"53":0,"54":0,"55":0},"f":{"0":0,"1":0,"2":0,"3":0,"4":0,"5":0,"6":0},"b":{"0":[0,0],"1":[0,0],"2":[0,0],"3":[0,0],"4":[0,0],"5":[0,0],"6":[0,0],"7":[0,0],"8":[0,0],"9":[0,0],"10":[0,0],"11":[0,0],"12":[0,0],"13":[0,0],"14":[0,0],"15":[0,0],"16":[0,0],"17":[0,0],"18":[0,0],"19":[0,0],"20":[0,0],"21":[0,0],"22":[0,0],"23":[0,0],"24":[0,0],"25":[0,0],"26":[0,0],"27":[0,0],"28":[0,0],"29":[0,0]},"meta":{"lastBranch":30,"lastFunction":7,"lastStatement":56,"seen":{"f:25:16:25:32":0,"b:26:2:26:Infinity:undefined:undefined:undefined:undefined":0,"s:26:2:26:Infinity":0,"s:26:20:26:Infinity":1,"s:28:2:48:Infinity":2,"s:32:33:32:Infinity":3,"b:33:4:39:Infinity:undefined:undefined:undefined:undefined":1,"s:33:4:39:Infinity":4,"s:34:6:38:Infinity":5,"s:35:8:35:Infinity":6,"s:41:23:41:Infinity":7,"b:43:4:43:Infinity:undefined:undefined:undefined:undefined":2,"s:43:4:43:Infinity":8,"b:43:8:43:29:43:29:43:50":3,"s:43:50:43:Infinity":9,"s:44:4:44:Infinity":10,"s:46:4:46:Infinity":11,"s:47:4:47:Infinity":12,"s:51:24:51:Infinity":13,"f:53:9:53:16":1,"s:54:2:54:Infinity":14,"b:54:9:54:40:54:40:54:Infinity":4,"f:61:9:61:25":2,"s:62:15:62:Infinity":15,"s:64:20:105:Infinity":16,"f:64:20:64:21":3,"b:65:4:65:Infinity:undefined:undefined:undefined:undefined":5,"s:65:4:65:Infinity":17,"b:65:8:65:24:65:24:65:49":6,"s:65:49:65:Infinity":18,"b:67:4:69:Infinity:undefined:undefined:undefined:undefined":7,"s:67:4:69:Infinity":19,"s:68:6:68:Infinity":20,"b:70:4:72:Infinity:undefined:undefined:undefined:undefined":8,"s:70:4:72:Infinity":21,"b:70:8:70:50:70:50:70:82":9,"s:71:6:71:Infinity":22,"b:73:4:76:Infinity:undefined:undefined:undefined:undefined":10,"s:73:4:76:Infinity":23,"b:73:8:73:43:73:43:73:68":11,"s:74:22:74:Infinity":24,"f:74:45:74:46":4,"s:74:57:74:102":25,"b:74:73:74:91:74:91:74:92":12,"s:75:6:75:Infinity":26,"b:77:4:79:Infinity:undefined:undefined:undefined:undefined":13,"s:77:4:79:Infinity":27,"b:77:8:77:49:77:49:77:80":14,"s:78:6:78:Infinity":28,"b:80:4:82:Infinity:undefined:undefined:undefined:undefined":15,"s:80:4:82:Infinity":29,"s:81:6:81:Infinity":30,"b:83:4:86:Infinity:undefined:undefined:undefined:undefined":16,"s:83:4:86:Infinity":31,"b:83:8:83:46:83:46:83:74":17,"s:85:6:85:Infinity":32,"b:87:4:90:Infinity:undefined:undefined:undefined:undefined":18,"s:87:4:90:Infinity":33,"b:87:8:87:35:87:35:87:63":19,"s:88:20:88:Infinity":34,"b:88:49:88:71:88:71:88:Infinity":20,"s:89:6:89:Infinity":35,"b:92:4:92:Infinity:undefined:undefined:undefined:undefined":21,"s:92:4:92:Infinity":36,"s:92:23:92:Infinity":37,"s:93:4:93:Infinity":38,"b:95:4:97:Infinity:undefined:undefined:undefined:undefined":22,"s:95:4:97:Infinity":39,"s:96:6:96:Infinity":40,"s:99:41:99:Infinity":41,"s:100:4:103:Infinity":42,"s:101:25:101:Infinity":43,"b:102:6:102:Infinity:undefined:undefined:undefined:undefined":23,"s:102:6:102:Infinity":44,"s:102:36:102:Infinity":45,"s:104:4:104:Infinity":46,"s:107:21:107:Infinity":47,"s:108:2:108:Infinity":48,"b:108:36:108:41:108:41:108:Infinity":24,"f:111:9:111:22":5,"s:112:42:112:Infinity":49,"b:113:2:113:Infinity:undefined:undefined:undefined:undefined":25,"s:113:2:113:Infinity":50,"s:113:47:113:Infinity":51,"s:114:2:114:Infinity":52,"f:118:9:118:24":6,"b:119:2:119:Infinity:undefined:undefined:undefined:undefined":26,"s:119:2:119:Infinity":53,"s:119:21:119:Infinity":54,"b:119:42:119:47:119:47:119:Infinity":27,"s:120:2:120:Infinity":55,"b:120:39:120:44:120:44:120:Infinity":28,"b:120:74:120:78:120:78:120:Infinity":29}}}
,"/Users/ukasyahrz/Projects/meo-canvas/tests/integration/helpers/integration-font.ts": {"path":"/Users/ukasyahrz/Projects/meo-canvas/tests/integration/helpers/integration-font.ts","statementMap":{"0":{"start":{"line":5,"column":39},"end":{"line":5,"column":null}},"1":{"start":{"line":7,"column":6},"end":{"line":7,"column":null}},"2":{"start":{"line":8,"column":6},"end":{"line":8,"column":null}},"3":{"start":{"line":11,"column":61},"end":{"line":13,"column":null}},"4":{"start":{"line":16,"column":37},"end":{"line":16,"column":null}}},"fnMap":{},"branchMap":{},"s":{"0":27,"1":27,"2":27,"3":27,"4":27},"f":{},"b":{},"meta":{"lastBranch":0,"lastFunction":0,"lastStatement":5,"seen":{"s:5:39:5:Infinity":0,"s:7:6:7:Infinity":1,"s:8:6:8:Infinity":2,"s:11:61:13:Infinity":3,"s:16:37:16:Infinity":4}}}
,"/Users/ukasyahrz/Projects/meo-canvas/tests/integration/helpers/png-match.ts": {"path":"/Users/ukasyahrz/Projects/meo-canvas/tests/integration/helpers/png-match.ts","statementMap":{"0":{"start":{"line":7,"column":6},"end":{"line":7,"column":null}},"1":{"start":{"line":8,"column":24},"end":{"line":8,"column":null}},"2":{"start":{"line":11,"column":24},"end":{"line":11,"column":null}},"3":{"start":{"line":14,"column":31},"end":{"line":14,"column":null}},"4":{"start":{"line":17,"column":55},"end":{"line":19,"column":null}},"5":{"start":{"line":22,"column":2},"end":{"line":22,"column":null}},"6":{"start":{"line":26,"column":8},"end":{"line":26,"column":null}},"7":{"start":{"line":27,"column":23},"end":{"line":27,"column":null}},"8":{"start":{"line":29,"column":2},"end":{"line":32,"column":null}},"9":{"start":{"line":30,"column":4},"end":{"line":30,"column":null}},"10":{"start":{"line":31,"column":4},"end":{"line":31,"column":null}},"11":{"start":{"line":34,"column":17},"end":{"line":34,"column":null}},"12":{"start":{"line":35,"column":19},"end":{"line":35,"column":null}},"13":{"start":{"line":37,"column":2},"end":{"line":37,"column":null}},"14":{"start":{"line":38,"column":2},"end":{"line":38,"column":null}},"15":{"start":{"line":40,"column":8},"end":{"line":42,"column":null}},"16":{"start":{"line":44,"column":22},"end":{"line":44,"column":null}},"17":{"start":{"line":45,"column":20},"end":{"line":45,"column":null}},"18":{"start":{"line":47,"column":2},"end":{"line":47,"column":null}}},"fnMap":{"0":{"name":"decodePng","decl":{"start":{"line":21,"column":9},"end":{"line":21,"column":19}},"loc":{"start":{"line":21,"column":40},"end":{"line":23,"column":null}},"line":21},"1":{"name":"expectPngMatch","decl":{"start":{"line":25,"column":22},"end":{"line":25,"column":37}},"loc":{"start":{"line":25,"column":82},"end":{"line":48,"column":null}},"line":25}},"branchMap":{"0":{"loc":{"start":{"line":27,"column":23},"end":{"line":27,"column":null}},"type":"binary-expr","locations":[{"start":{"line":27,"column":23},"end":{"line":27,"column":55}},{"start":{"line":27,"column":55},"end":{"line":27,"column":null}}],"line":27},"1":{"loc":{"start":{"line":29,"column":2},"end":{"line":32,"column":null}},"type":"if","locations":[{"start":{"line":29,"column":2},"end":{"line":32,"column":null}},{"start":{},"end":{}}],"line":29},"2":{"loc":{"start":{"line":29,"column":6},"end":{"line":29,"column":51}},"type":"binary-expr","locations":[{"start":{"line":29,"column":6},"end":{"line":29,"column":25}},{"start":{"line":29,"column":25},"end":{"line":29,"column":51}}],"line":29}},"s":{"0":1,"1":1,"2":1,"3":1,"4":1,"5":6,"6":3,"7":3,"8":3,"9":0,"10":0,"11":3,"12":3,"13":3,"14":3,"15":3,"16":3,"17":3,"18":3},"f":{"0":6,"1":3},"b":{"0":[3,2],"1":[0,3],"2":[3,3]},"meta":{"lastBranch":3,"lastFunction":2,"lastStatement":19,"seen":{"s:7:6:7:Infinity":0,"s:8:24:8:Infinity":1,"s:11:24:11:Infinity":2,"s:14:31:14:Infinity":3,"s:17:55:19:Infinity":4,"f:21:9:21:19":0,"s:22:2:22:Infinity":5,"f:25:22:25:37":1,"s:26:8:26:Infinity":6,"s:27:23:27:Infinity":7,"b:27:23:27:55:27:55:27:Infinity":0,"b:29:2:32:Infinity:undefined:undefined:undefined:undefined":1,"s:29:2:32:Infinity":8,"b:29:6:29:25:29:25:29:51":2,"s:30:4:30:Infinity":9,"s:31:4:31:Infinity":10,"s:34:17:34:Infinity":11,"s:35:19:35:Infinity":12,"s:37:2:37:Infinity":13,"s:38:2:38:Infinity":14,"s:40:8:42:Infinity":15,"s:44:22:44:Infinity":16,"s:45:20:45:Infinity":17,"s:47:2:47:Infinity":18}}}
}
